-- Found ament_cmake_auto: 1.3.8 (/opt/ros/humble/share/ament_cmake_auto/cmake)
-- Found rosidl_generator_c: 3.1.5 (/opt/ros/humble/share/rosidl_generator_c/cmake)
-- Found rosidl_adapter: 3.1.5 (/opt/ros/humble/share/rosidl_adapter/cmake)
-- Found rosidl_generator_cpp: 3.1.5 (/opt/ros/humble/share/rosidl_generator_cpp/cmake)
-- Using all available rosidl_typesupport_c: rosidl_typesupport_fastrtps_c;rosidl_typesupport_introspection_c
-- Using all available rosidl_typesupport_cpp: rosidl_typesupport_fastrtps_cpp;rosidl_typesupport_introspection_cpp
-- Found rmw_implementation_cmake: 6.1.1 (/opt/ros/humble/share/rmw_implementation_cmake/cmake)
-- Found rmw_fastrtps_cpp: 6.2.6 (/opt/ros/humble/share/rmw_fastrtps_cpp/cmake)
-- Using RMW implementation 'rmw_fastrtps_cpp' as default
-- Found ament_lint_auto: 0.12.10 (/opt/ros/humble/share/ament_lint_auto/cmake)
-- Added test 'cppcheck' to perform static code analysis on C / C++ code
-- Configured cppcheck include dirs: /root/my_ros_bot/workspace/src/robot_describtion/./include;/root/my_ros_bot/workspace/src/robot_describtion/include
-- Configured cppcheck exclude dirs and/or files: 
-- Added test 'flake8' to check Python code syntax and style conventions
-- Added test 'lint_cmake' to check CMake code style
-- Added test 'pep257' to check Python code against some of the docstring style conventions in PEP 257
-- Added test 'uncrustify' to check C / C++ code style
-- Configured uncrustify additional arguments: 
-- Added test 'xmllint' to check XML markup files
-- Configuring done
-- Generating done
-- Build files have been written to: /root/my_ros_bot/workspace/build/robot_describtion
[35m[1mConsolidate compiler generated dependencies of target robot_describtion[0m
[ 50%] [32mBuilding CXX object CMakeFiles/robot_describtion.dir/src/robot_describtion.cpp.o[0m
[100%] [32m[1mLinking CXX executable robot_describtion[0m
[100%] Built target robot_describtion
-- Install configuration: ""
-- Up-to-date: /root/my_ros_bot/workspace/install/robot_describtion/include
-- Up-to-date: /root/my_ros_bot/workspace/install/robot_describtion/include/robot_describtion
-- Installing: /root/my_ros_bot/workspace/install/robot_describtion/include/robot_describtion/robot_describtion.hpp
-- Installing: /root/my_ros_bot/workspace/install/robot_describtion/lib/robot_describtion/robot_describtion
-- Set runtime path of "/root/my_ros_bot/workspace/install/robot_describtion/lib/robot_describtion/robot_describtion" to ""
-- Up-to-date: /root/my_ros_bot/workspace/install/robot_describtion/share/ament_index/resource_index/package_run_dependencies/robot_describtion
-- Up-to-date: /root/my_ros_bot/workspace/install/robot_describtion/share/ament_index/resource_index/parent_prefix_path/robot_describtion
-- Up-to-date: /root/my_ros_bot/workspace/install/robot_describtion/share/robot_describtion/environment/ament_prefix_path.sh
-- Installing: /root/my_ros_bot/workspace/install/robot_describtion/share/robot_describtion/environment/ament_prefix_path.dsv
-- Up-to-date: /root/my_ros_bot/workspace/install/robot_describtion/share/robot_describtion/environment/path.sh
-- Installing: /root/my_ros_bot/workspace/install/robot_describtion/share/robot_describtion/environment/path.dsv
-- Up-to-date: /root/my_ros_bot/workspace/install/robot_describtion/share/robot_describtion/local_setup.bash
-- Up-to-date: /root/my_ros_bot/workspace/install/robot_describtion/share/robot_describtion/local_setup.sh
-- Up-to-date: /root/my_ros_bot/workspace/install/robot_describtion/share/robot_describtion/local_setup.zsh
-- Installing: /root/my_ros_bot/workspace/install/robot_describtion/share/robot_describtion/local_setup.dsv
-- Installing: /root/my_ros_bot/workspace/install/robot_describtion/share/robot_describtion/package.dsv
-- Up-to-date: /root/my_ros_bot/workspace/install/robot_describtion/share/ament_index/resource_index/packages/robot_describtion
-- Up-to-date: /root/my_ros_bot/workspace/install/robot_describtion/share/robot_describtion/cmake/ament_cmake_export_dependencies-extras.cmake
-- Up-to-date: /root/my_ros_bot/workspace/install/robot_describtion/share/robot_describtion/cmake/ament_cmake_export_include_directories-extras.cmake
-- Up-to-date: /root/my_ros_bot/workspace/install/robot_describtion/share/robot_describtion/cmake/robot_describtionConfig.cmake
-- Up-to-date: /root/my_ros_bot/workspace/install/robot_describtion/share/robot_describtion/cmake/robot_describtionConfig-version.cmake
-- Up-to-date: /root/my_ros_bot/workspace/install/robot_describtion/share/robot_describtion/package.xml
