[0.112s] DEBUG:colcon:Command line arguments: ['/usr/bin/colcon', 'build']
[0.112s] DEBUG:colcon:Parsed command line arguments: Namespace(log_base=None, log_level=None, verb_name='build', build_base='build', install_base='install', merge_install=False, symlink_install=False, test_result_base=None, continue_on_error=False, executor='parallel', parallel_workers=8, event_handlers=None, ignore_user_meta=False, metas=['./colcon.meta'], base_paths=['.'], packages_ignore=None, packages_ignore_regex=None, paths=None, packages_up_to=None, packages_up_to_regex=None, packages_above=None, packages_above_and_dependencies=None, packages_above_depth=None, packages_select_by_dep=None, packages_skip_by_dep=None, packages_skip_up_to=None, packages_select_build_failed=False, packages_skip_build_finished=False, packages_select_test_failures=False, packages_skip_test_passed=False, packages_select=None, packages_skip=None, packages_select_regex=None, packages_skip_regex=None, packages_start=None, packages_end=None, cmake_args=None, cmake_target=None, cmake_target_skip_unavailable=False, cmake_clean_cache=False, cmake_clean_first=False, cmake_force_configure=False, ament_cmake_args=None, catkin_cmake_args=None, catkin_skip_building_tests=False, mixin_files=None, mixin=None, verb_parser=<colcon_mixin.mixin.mixin_argument.MixinArgumentDecorator object at 0x771e0d351180>, verb_extension=<colcon_core.verb.build.BuildVerb object at 0x771e0d350820>, main=<bound method BuildVerb.main of <colcon_core.verb.build.BuildVerb object at 0x771e0d350820>>, mixin_verb=('build',))
[0.260s] Level 1:colcon.colcon_core.package_discovery:discover_packages(colcon_meta) check parameters
[0.260s] Level 1:colcon.colcon_core.package_discovery:discover_packages(recursive) check parameters
[0.260s] Level 1:colcon.colcon_core.package_discovery:discover_packages(ignore) check parameters
[0.260s] Level 1:colcon.colcon_core.package_discovery:discover_packages(path) check parameters
[0.260s] Level 1:colcon.colcon_core.package_discovery:discover_packages(colcon_meta) discover
[0.260s] Level 1:colcon.colcon_core.package_discovery:discover_packages(recursive) discover
[0.260s] INFO:colcon.colcon_core.package_discovery:Crawling recursively for packages in '/root/my_ros_bot/workspace'
[0.260s] Level 1:colcon.colcon_core.package_identification:_identify(.) by extensions ['ignore', 'ignore_ament_install']
[0.260s] Level 1:colcon.colcon_core.package_identification:_identify(.) by extension 'ignore'
[0.260s] Level 1:colcon.colcon_core.package_identification:_identify(.) by extension 'ignore_ament_install'
[0.260s] Level 1:colcon.colcon_core.package_identification:_identify(.) by extensions ['colcon_pkg']
[0.260s] Level 1:colcon.colcon_core.package_identification:_identify(.) by extension 'colcon_pkg'
[0.260s] Level 1:colcon.colcon_core.package_identification:_identify(.) by extensions ['colcon_meta']
[0.260s] Level 1:colcon.colcon_core.package_identification:_identify(.) by extension 'colcon_meta'
[0.260s] Level 1:colcon.colcon_core.package_identification:_identify(.) by extensions ['ros']
[0.261s] Level 1:colcon.colcon_core.package_identification:_identify(.) by extension 'ros'
[0.270s] Level 1:colcon.colcon_core.package_identification:_identify(.) by extensions ['cmake', 'python']
[0.270s] Level 1:colcon.colcon_core.package_identification:_identify(.) by extension 'cmake'
[0.270s] Level 1:colcon.colcon_core.package_identification:_identify(.) by extension 'python'
[0.270s] Level 1:colcon.colcon_core.package_identification:_identify(.) by extensions ['python_setup_py']
[0.270s] Level 1:colcon.colcon_core.package_identification:_identify(.) by extension 'python_setup_py'
[0.271s] Level 1:colcon.colcon_core.package_identification:_identify(build) by extensions ['ignore', 'ignore_ament_install']
[0.271s] Level 1:colcon.colcon_core.package_identification:_identify(build) by extension 'ignore'
[0.271s] Level 1:colcon.colcon_core.package_identification:_identify(build) ignored
[0.271s] Level 1:colcon.colcon_core.package_identification:_identify(data) by extensions ['ignore', 'ignore_ament_install']
[0.271s] Level 1:colcon.colcon_core.package_identification:_identify(data) by extension 'ignore'
[0.271s] Level 1:colcon.colcon_core.package_identification:_identify(data) by extension 'ignore_ament_install'
[0.271s] Level 1:colcon.colcon_core.package_identification:_identify(data) by extensions ['colcon_pkg']
[0.271s] Level 1:colcon.colcon_core.package_identification:_identify(data) by extension 'colcon_pkg'
[0.271s] Level 1:colcon.colcon_core.package_identification:_identify(data) by extensions ['colcon_meta']
[0.271s] Level 1:colcon.colcon_core.package_identification:_identify(data) by extension 'colcon_meta'
[0.271s] Level 1:colcon.colcon_core.package_identification:_identify(data) by extensions ['ros']
[0.271s] Level 1:colcon.colcon_core.package_identification:_identify(data) by extension 'ros'
[0.271s] Level 1:colcon.colcon_core.package_identification:_identify(data) by extensions ['cmake', 'python']
[0.271s] Level 1:colcon.colcon_core.package_identification:_identify(data) by extension 'cmake'
[0.271s] Level 1:colcon.colcon_core.package_identification:_identify(data) by extension 'python'
[0.271s] Level 1:colcon.colcon_core.package_identification:_identify(data) by extensions ['python_setup_py']
[0.271s] Level 1:colcon.colcon_core.package_identification:_identify(data) by extension 'python_setup_py'
[0.271s] Level 1:colcon.colcon_core.package_identification:_identify(install) by extensions ['ignore', 'ignore_ament_install']
[0.271s] Level 1:colcon.colcon_core.package_identification:_identify(install) by extension 'ignore'
[0.271s] Level 1:colcon.colcon_core.package_identification:_identify(install) ignored
[0.272s] Level 1:colcon.colcon_core.package_identification:_identify(log) by extensions ['ignore', 'ignore_ament_install']
[0.272s] Level 1:colcon.colcon_core.package_identification:_identify(log) by extension 'ignore'
[0.272s] Level 1:colcon.colcon_core.package_identification:_identify(log) ignored
[0.272s] Level 1:colcon.colcon_core.package_identification:_identify(src) by extensions ['ignore', 'ignore_ament_install']
[0.272s] Level 1:colcon.colcon_core.package_identification:_identify(src) by extension 'ignore'
[0.272s] Level 1:colcon.colcon_core.package_identification:_identify(src) by extension 'ignore_ament_install'
[0.272s] Level 1:colcon.colcon_core.package_identification:_identify(src) by extensions ['colcon_pkg']
[0.272s] Level 1:colcon.colcon_core.package_identification:_identify(src) by extension 'colcon_pkg'
[0.272s] Level 1:colcon.colcon_core.package_identification:_identify(src) by extensions ['colcon_meta']
[0.272s] Level 1:colcon.colcon_core.package_identification:_identify(src) by extension 'colcon_meta'
[0.272s] Level 1:colcon.colcon_core.package_identification:_identify(src) by extensions ['ros']
[0.272s] Level 1:colcon.colcon_core.package_identification:_identify(src) by extension 'ros'
[0.272s] Level 1:colcon.colcon_core.package_identification:_identify(src) by extensions ['cmake', 'python']
[0.272s] Level 1:colcon.colcon_core.package_identification:_identify(src) by extension 'cmake'
[0.272s] Level 1:colcon.colcon_core.package_identification:_identify(src) by extension 'python'
[0.272s] Level 1:colcon.colcon_core.package_identification:_identify(src) by extensions ['python_setup_py']
[0.272s] Level 1:colcon.colcon_core.package_identification:_identify(src) by extension 'python_setup_py'
[0.272s] Level 1:colcon.colcon_core.package_identification:_identify(src/robot_describtion) by extensions ['ignore', 'ignore_ament_install']
[0.272s] Level 1:colcon.colcon_core.package_identification:_identify(src/robot_describtion) by extension 'ignore'
[0.272s] Level 1:colcon.colcon_core.package_identification:_identify(src/robot_describtion) by extension 'ignore_ament_install'
[0.272s] Level 1:colcon.colcon_core.package_identification:_identify(src/robot_describtion) by extensions ['colcon_pkg']
[0.272s] Level 1:colcon.colcon_core.package_identification:_identify(src/robot_describtion) by extension 'colcon_pkg'
[0.273s] Level 1:colcon.colcon_core.package_identification:_identify(src/robot_describtion) by extensions ['colcon_meta']
[0.273s] Level 1:colcon.colcon_core.package_identification:_identify(src/robot_describtion) by extension 'colcon_meta'
[0.273s] Level 1:colcon.colcon_core.package_identification:_identify(src/robot_describtion) by extensions ['ros']
[0.273s] Level 1:colcon.colcon_core.package_identification:_identify(src/robot_describtion) by extension 'ros'
[0.275s] DEBUG:colcon.colcon_core.package_identification:Package 'src/robot_describtion' with type 'ros.ament_cmake' and name 'robot_describtion'
[0.275s] Level 1:colcon.colcon_core.package_identification:_identify(src/robot_world) by extensions ['ignore', 'ignore_ament_install']
[0.275s] Level 1:colcon.colcon_core.package_identification:_identify(src/robot_world) by extension 'ignore'
[0.275s] Level 1:colcon.colcon_core.package_identification:_identify(src/robot_world) by extension 'ignore_ament_install'
[0.275s] Level 1:colcon.colcon_core.package_identification:_identify(src/robot_world) by extensions ['colcon_pkg']
[0.275s] Level 1:colcon.colcon_core.package_identification:_identify(src/robot_world) by extension 'colcon_pkg'
[0.275s] Level 1:colcon.colcon_core.package_identification:_identify(src/robot_world) by extensions ['colcon_meta']
[0.276s] Level 1:colcon.colcon_core.package_identification:_identify(src/robot_world) by extension 'colcon_meta'
[0.276s] Level 1:colcon.colcon_core.package_identification:_identify(src/robot_world) by extensions ['ros']
[0.276s] Level 1:colcon.colcon_core.package_identification:_identify(src/robot_world) by extension 'ros'
[0.277s] DEBUG:colcon.colcon_core.package_identification:Package 'src/robot_world' with type 'ros.ament_cmake' and name 'robot_world'
[0.277s] Level 1:colcon.colcon_core.package_discovery:discover_packages(recursive) using defaults
[0.277s] Level 1:colcon.colcon_core.package_discovery:discover_packages(ignore) discover
[0.277s] Level 1:colcon.colcon_core.package_discovery:discover_packages(ignore) using defaults
[0.277s] Level 1:colcon.colcon_core.package_discovery:discover_packages(path) discover
[0.277s] Level 1:colcon.colcon_core.package_discovery:discover_packages(path) using defaults
[0.295s] Level 5:colcon.colcon_core.verb:set package 'robot_describtion' build argument 'cmake_args' from command line to 'None'
[0.295s] Level 5:colcon.colcon_core.verb:set package 'robot_describtion' build argument 'cmake_target' from command line to 'None'
[0.295s] Level 5:colcon.colcon_core.verb:set package 'robot_describtion' build argument 'cmake_target_skip_unavailable' from command line to 'False'
[0.295s] Level 5:colcon.colcon_core.verb:set package 'robot_describtion' build argument 'cmake_clean_cache' from command line to 'False'
[0.295s] Level 5:colcon.colcon_core.verb:set package 'robot_describtion' build argument 'cmake_clean_first' from command line to 'False'
[0.295s] Level 5:colcon.colcon_core.verb:set package 'robot_describtion' build argument 'cmake_force_configure' from command line to 'False'
[0.295s] Level 5:colcon.colcon_core.verb:set package 'robot_describtion' build argument 'ament_cmake_args' from command line to 'None'
[0.295s] Level 5:colcon.colcon_core.verb:set package 'robot_describtion' build argument 'catkin_cmake_args' from command line to 'None'
[0.295s] Level 5:colcon.colcon_core.verb:set package 'robot_describtion' build argument 'catkin_skip_building_tests' from command line to 'False'
[0.295s] DEBUG:colcon.colcon_core.verb:Building package 'robot_describtion' with the following arguments: {'ament_cmake_args': None, 'build_base': '/root/my_ros_bot/workspace/build/robot_describtion', 'catkin_cmake_args': None, 'catkin_skip_building_tests': False, 'cmake_args': None, 'cmake_clean_cache': False, 'cmake_clean_first': False, 'cmake_force_configure': False, 'cmake_target': None, 'cmake_target_skip_unavailable': False, 'install_base': '/root/my_ros_bot/workspace/install/robot_describtion', 'merge_install': False, 'path': '/root/my_ros_bot/workspace/src/robot_describtion', 'symlink_install': False, 'test_result_base': None}
[0.295s] Level 5:colcon.colcon_core.verb:set package 'robot_world' build argument 'cmake_args' from command line to 'None'
[0.295s] Level 5:colcon.colcon_core.verb:set package 'robot_world' build argument 'cmake_target' from command line to 'None'
[0.295s] Level 5:colcon.colcon_core.verb:set package 'robot_world' build argument 'cmake_target_skip_unavailable' from command line to 'False'
[0.295s] Level 5:colcon.colcon_core.verb:set package 'robot_world' build argument 'cmake_clean_cache' from command line to 'False'
[0.295s] Level 5:colcon.colcon_core.verb:set package 'robot_world' build argument 'cmake_clean_first' from command line to 'False'
[0.295s] Level 5:colcon.colcon_core.verb:set package 'robot_world' build argument 'cmake_force_configure' from command line to 'False'
[0.295s] Level 5:colcon.colcon_core.verb:set package 'robot_world' build argument 'ament_cmake_args' from command line to 'None'
[0.295s] Level 5:colcon.colcon_core.verb:set package 'robot_world' build argument 'catkin_cmake_args' from command line to 'None'
[0.295s] Level 5:colcon.colcon_core.verb:set package 'robot_world' build argument 'catkin_skip_building_tests' from command line to 'False'
[0.295s] DEBUG:colcon.colcon_core.verb:Building package 'robot_world' with the following arguments: {'ament_cmake_args': None, 'build_base': '/root/my_ros_bot/workspace/build/robot_world', 'catkin_cmake_args': None, 'catkin_skip_building_tests': False, 'cmake_args': None, 'cmake_clean_cache': False, 'cmake_clean_first': False, 'cmake_force_configure': False, 'cmake_target': None, 'cmake_target_skip_unavailable': False, 'install_base': '/root/my_ros_bot/workspace/install/robot_world', 'merge_install': False, 'path': '/root/my_ros_bot/workspace/src/robot_world', 'symlink_install': False, 'test_result_base': None}
[0.296s] INFO:colcon.colcon_core.executor:Executing jobs using 'parallel' executor
[0.297s] DEBUG:colcon.colcon_parallel_executor.executor.parallel:run_until_complete
[0.297s] INFO:colcon.colcon_ros.task.ament_cmake.build:Building ROS package in '/root/my_ros_bot/workspace/src/robot_describtion' with build type 'ament_cmake'
[0.297s] INFO:colcon.colcon_cmake.task.cmake.build:Building CMake package in '/root/my_ros_bot/workspace/src/robot_describtion'
[0.299s] INFO:colcon.colcon_core.plugin_system:Skipping extension 'colcon_core.shell.bat': Not used on non-Windows systems
[0.299s] INFO:colcon.colcon_core.shell:Skip shell extension 'powershell' for command environment: Not usable outside of PowerShell
[0.299s] DEBUG:colcon.colcon_core.shell:Skip shell extension 'dsv' for command environment
[0.314s] INFO:colcon.colcon_ros.task.ament_cmake.build:Building ROS package in '/root/my_ros_bot/workspace/src/robot_world' with build type 'ament_cmake'
[0.314s] INFO:colcon.colcon_cmake.task.cmake.build:Building CMake package in '/root/my_ros_bot/workspace/src/robot_world'
[0.315s] INFO:colcon.colcon_core.shell:Skip shell extension 'powershell' for command environment: Not usable outside of PowerShell
[0.315s] DEBUG:colcon.colcon_core.shell:Skip shell extension 'dsv' for command environment
[0.322s] DEBUG:colcon.colcon_core.event_handler.log_command:Invoking command in '/root/my_ros_bot/workspace/build/robot_describtion': CMAKE_PREFIX_PATH=${CMAKE_PREFIX_PATH}:/opt/ros/humble /usr/bin/cmake --build /root/my_ros_bot/workspace/build/robot_describtion -- -j8 -l8
[0.326s] DEBUG:colcon.colcon_core.event_handler.log_command:Invoking command in '/root/my_ros_bot/workspace/build/robot_world': CMAKE_PREFIX_PATH=${CMAKE_PREFIX_PATH}:/opt/ros/humble /usr/bin/cmake --build /root/my_ros_bot/workspace/build/robot_world -- -j8 -l8
[0.386s] DEBUG:colcon.colcon_core.event_handler.log_command:Invoked command in '/root/my_ros_bot/workspace/build/robot_world' returned '0': CMAKE_PREFIX_PATH=${CMAKE_PREFIX_PATH}:/opt/ros/humble /usr/bin/cmake --build /root/my_ros_bot/workspace/build/robot_world -- -j8 -l8
[0.410s] DEBUG:colcon.colcon_core.event_handler.log_command:Invoking command in '/root/my_ros_bot/workspace/build/robot_world': CMAKE_PREFIX_PATH=${CMAKE_PREFIX_PATH}:/opt/ros/humble /usr/bin/cmake --install /root/my_ros_bot/workspace/build/robot_world
[0.420s] Level 1:colcon.colcon_core.environment:create_environment_scripts_only(robot_world)
[0.420s] DEBUG:colcon.colcon_core.event_handler.log_command:Invoked command in '/root/my_ros_bot/workspace/build/robot_world' returned '0': CMAKE_PREFIX_PATH=${CMAKE_PREFIX_PATH}:/opt/ros/humble /usr/bin/cmake --install /root/my_ros_bot/workspace/build/robot_world
[0.423s] Level 1:colcon.colcon_core.environment:checking '/root/my_ros_bot/workspace/install/robot_world' for CMake module files
[0.424s] Level 1:colcon.colcon_core.environment:checking '/root/my_ros_bot/workspace/install/robot_world' for CMake config files
[0.424s] Level 1:colcon.colcon_core.shell:create_environment_hook('robot_world', 'cmake_prefix_path')
[0.425s] INFO:colcon.colcon_core.shell:Creating environment hook '/root/my_ros_bot/workspace/install/robot_world/share/robot_world/hook/cmake_prefix_path.ps1'
[0.425s] INFO:colcon.colcon_core.shell:Creating environment descriptor '/root/my_ros_bot/workspace/install/robot_world/share/robot_world/hook/cmake_prefix_path.dsv'
[0.426s] INFO:colcon.colcon_core.shell:Creating environment hook '/root/my_ros_bot/workspace/install/robot_world/share/robot_world/hook/cmake_prefix_path.sh'
[0.427s] Level 1:colcon.colcon_core.environment:checking '/root/my_ros_bot/workspace/install/robot_world/lib'
[0.427s] Level 1:colcon.colcon_core.environment:checking '/root/my_ros_bot/workspace/install/robot_world/bin'
[0.427s] Level 1:colcon.colcon_core.environment:checking '/root/my_ros_bot/workspace/install/robot_world/lib/pkgconfig/robot_world.pc'
[0.429s] Level 1:colcon.colcon_core.environment:checking '/root/my_ros_bot/workspace/install/robot_world/lib/python3.10/site-packages'
[0.429s] Level 1:colcon.colcon_core.environment:checking '/root/my_ros_bot/workspace/install/robot_world/bin'
[0.430s] INFO:colcon.colcon_core.shell:Creating package script '/root/my_ros_bot/workspace/install/robot_world/share/robot_world/package.ps1'
[0.431s] INFO:colcon.colcon_core.shell:Creating package descriptor '/root/my_ros_bot/workspace/install/robot_world/share/robot_world/package.dsv'
[0.431s] INFO:colcon.colcon_core.shell:Creating package script '/root/my_ros_bot/workspace/install/robot_world/share/robot_world/package.sh'
[0.432s] INFO:colcon.colcon_core.shell:Creating package script '/root/my_ros_bot/workspace/install/robot_world/share/robot_world/package.bash'
[0.433s] INFO:colcon.colcon_core.shell:Creating package script '/root/my_ros_bot/workspace/install/robot_world/share/robot_world/package.zsh'
[0.434s] Level 1:colcon.colcon_core.environment:create_file_with_runtime_dependencies(/root/my_ros_bot/workspace/install/robot_world/share/colcon-core/packages/robot_world)
[0.450s] Level 1:colcon.colcon_core.environment:create_environment_scripts_only(robot_world)
[0.450s] Level 1:colcon.colcon_core.environment:checking '/root/my_ros_bot/workspace/install/robot_world' for CMake module files
[0.451s] Level 1:colcon.colcon_core.environment:checking '/root/my_ros_bot/workspace/install/robot_world' for CMake config files
[0.451s] Level 1:colcon.colcon_core.shell:create_environment_hook('robot_world', 'cmake_prefix_path')
[0.452s] INFO:colcon.colcon_core.shell:Creating environment hook '/root/my_ros_bot/workspace/install/robot_world/share/robot_world/hook/cmake_prefix_path.ps1'
[0.452s] INFO:colcon.colcon_core.shell:Creating environment descriptor '/root/my_ros_bot/workspace/install/robot_world/share/robot_world/hook/cmake_prefix_path.dsv'
[0.452s] INFO:colcon.colcon_core.shell:Creating environment hook '/root/my_ros_bot/workspace/install/robot_world/share/robot_world/hook/cmake_prefix_path.sh'
[0.453s] Level 1:colcon.colcon_core.environment:checking '/root/my_ros_bot/workspace/install/robot_world/lib'
[0.453s] Level 1:colcon.colcon_core.environment:checking '/root/my_ros_bot/workspace/install/robot_world/bin'
[0.453s] Level 1:colcon.colcon_core.environment:checking '/root/my_ros_bot/workspace/install/robot_world/lib/pkgconfig/robot_world.pc'
[0.453s] Level 1:colcon.colcon_core.environment:checking '/root/my_ros_bot/workspace/install/robot_world/lib/python3.10/site-packages'
[0.454s] Level 1:colcon.colcon_core.environment:checking '/root/my_ros_bot/workspace/install/robot_world/bin'
[0.454s] INFO:colcon.colcon_core.shell:Creating package script '/root/my_ros_bot/workspace/install/robot_world/share/robot_world/package.ps1'
[0.455s] INFO:colcon.colcon_core.shell:Creating package descriptor '/root/my_ros_bot/workspace/install/robot_world/share/robot_world/package.dsv'
[0.455s] INFO:colcon.colcon_core.shell:Creating package script '/root/my_ros_bot/workspace/install/robot_world/share/robot_world/package.sh'
[0.456s] INFO:colcon.colcon_core.shell:Creating package script '/root/my_ros_bot/workspace/install/robot_world/share/robot_world/package.bash'
[0.456s] INFO:colcon.colcon_core.shell:Creating package script '/root/my_ros_bot/workspace/install/robot_world/share/robot_world/package.zsh'
[0.456s] Level 1:colcon.colcon_core.environment:create_file_with_runtime_dependencies(/root/my_ros_bot/workspace/install/robot_world/share/colcon-core/packages/robot_world)
[4.171s] DEBUG:colcon.colcon_core.event_handler.log_command:Invoked command in '/root/my_ros_bot/workspace/build/robot_describtion' returned '0': CMAKE_PREFIX_PATH=${CMAKE_PREFIX_PATH}:/opt/ros/humble /usr/bin/cmake --build /root/my_ros_bot/workspace/build/robot_describtion -- -j8 -l8
[4.188s] DEBUG:colcon.colcon_core.event_handler.log_command:Invoking command in '/root/my_ros_bot/workspace/build/robot_describtion': CMAKE_PREFIX_PATH=${CMAKE_PREFIX_PATH}:/opt/ros/humble /usr/bin/cmake --install /root/my_ros_bot/workspace/build/robot_describtion
[4.197s] Level 1:colcon.colcon_core.environment:create_environment_scripts_only(robot_describtion)
[4.197s] Level 1:colcon.colcon_core.environment:checking '/root/my_ros_bot/workspace/install/robot_describtion' for CMake module files
[4.197s] DEBUG:colcon.colcon_core.event_handler.log_command:Invoked command in '/root/my_ros_bot/workspace/build/robot_describtion' returned '0': CMAKE_PREFIX_PATH=${CMAKE_PREFIX_PATH}:/opt/ros/humble /usr/bin/cmake --install /root/my_ros_bot/workspace/build/robot_describtion
[4.197s] Level 1:colcon.colcon_core.environment:checking '/root/my_ros_bot/workspace/install/robot_describtion' for CMake config files
[4.198s] Level 1:colcon.colcon_core.shell:create_environment_hook('robot_describtion', 'cmake_prefix_path')
[4.198s] INFO:colcon.colcon_core.shell:Creating environment hook '/root/my_ros_bot/workspace/install/robot_describtion/share/robot_describtion/hook/cmake_prefix_path.ps1'
[4.198s] INFO:colcon.colcon_core.shell:Creating environment descriptor '/root/my_ros_bot/workspace/install/robot_describtion/share/robot_describtion/hook/cmake_prefix_path.dsv'
[4.198s] INFO:colcon.colcon_core.shell:Creating environment hook '/root/my_ros_bot/workspace/install/robot_describtion/share/robot_describtion/hook/cmake_prefix_path.sh'
[4.199s] Level 1:colcon.colcon_core.environment:checking '/root/my_ros_bot/workspace/install/robot_describtion/lib'
[4.199s] Level 1:colcon.colcon_core.environment:checking '/root/my_ros_bot/workspace/install/robot_describtion/bin'
[4.199s] Level 1:colcon.colcon_core.environment:checking '/root/my_ros_bot/workspace/install/robot_describtion/lib/pkgconfig/robot_describtion.pc'
[4.199s] Level 1:colcon.colcon_core.environment:checking '/root/my_ros_bot/workspace/install/robot_describtion/lib/python3.10/site-packages'
[4.199s] Level 1:colcon.colcon_core.environment:checking '/root/my_ros_bot/workspace/install/robot_describtion/bin'
[4.200s] INFO:colcon.colcon_core.shell:Creating package script '/root/my_ros_bot/workspace/install/robot_describtion/share/robot_describtion/package.ps1'
[4.200s] INFO:colcon.colcon_core.shell:Creating package descriptor '/root/my_ros_bot/workspace/install/robot_describtion/share/robot_describtion/package.dsv'
[4.200s] INFO:colcon.colcon_core.shell:Creating package script '/root/my_ros_bot/workspace/install/robot_describtion/share/robot_describtion/package.sh'
[4.200s] INFO:colcon.colcon_core.shell:Creating package script '/root/my_ros_bot/workspace/install/robot_describtion/share/robot_describtion/package.bash'
[4.201s] INFO:colcon.colcon_core.shell:Creating package script '/root/my_ros_bot/workspace/install/robot_describtion/share/robot_describtion/package.zsh'
[4.201s] Level 1:colcon.colcon_core.environment:create_file_with_runtime_dependencies(/root/my_ros_bot/workspace/install/robot_describtion/share/colcon-core/packages/robot_describtion)
[4.217s] Level 1:colcon.colcon_core.environment:create_environment_scripts_only(robot_describtion)
[4.218s] Level 1:colcon.colcon_core.environment:checking '/root/my_ros_bot/workspace/install/robot_describtion' for CMake module files
[4.218s] Level 1:colcon.colcon_core.environment:checking '/root/my_ros_bot/workspace/install/robot_describtion' for CMake config files
[4.219s] Level 1:colcon.colcon_core.shell:create_environment_hook('robot_describtion', 'cmake_prefix_path')
[4.219s] INFO:colcon.colcon_core.shell:Creating environment hook '/root/my_ros_bot/workspace/install/robot_describtion/share/robot_describtion/hook/cmake_prefix_path.ps1'
[4.220s] INFO:colcon.colcon_core.shell:Creating environment descriptor '/root/my_ros_bot/workspace/install/robot_describtion/share/robot_describtion/hook/cmake_prefix_path.dsv'
[4.220s] INFO:colcon.colcon_core.shell:Creating environment hook '/root/my_ros_bot/workspace/install/robot_describtion/share/robot_describtion/hook/cmake_prefix_path.sh'
[4.221s] Level 1:colcon.colcon_core.environment:checking '/root/my_ros_bot/workspace/install/robot_describtion/lib'
[4.221s] Level 1:colcon.colcon_core.environment:checking '/root/my_ros_bot/workspace/install/robot_describtion/bin'
[4.221s] Level 1:colcon.colcon_core.environment:checking '/root/my_ros_bot/workspace/install/robot_describtion/lib/pkgconfig/robot_describtion.pc'
[4.221s] Level 1:colcon.colcon_core.environment:checking '/root/my_ros_bot/workspace/install/robot_describtion/lib/python3.10/site-packages'
[4.221s] Level 1:colcon.colcon_core.environment:checking '/root/my_ros_bot/workspace/install/robot_describtion/bin'
[4.222s] INFO:colcon.colcon_core.shell:Creating package script '/root/my_ros_bot/workspace/install/robot_describtion/share/robot_describtion/package.ps1'
[4.222s] INFO:colcon.colcon_core.shell:Creating package descriptor '/root/my_ros_bot/workspace/install/robot_describtion/share/robot_describtion/package.dsv'
[4.223s] INFO:colcon.colcon_core.shell:Creating package script '/root/my_ros_bot/workspace/install/robot_describtion/share/robot_describtion/package.sh'
[4.223s] INFO:colcon.colcon_core.shell:Creating package script '/root/my_ros_bot/workspace/install/robot_describtion/share/robot_describtion/package.bash'
[4.224s] INFO:colcon.colcon_core.shell:Creating package script '/root/my_ros_bot/workspace/install/robot_describtion/share/robot_describtion/package.zsh'
[4.224s] Level 1:colcon.colcon_core.environment:create_file_with_runtime_dependencies(/root/my_ros_bot/workspace/install/robot_describtion/share/colcon-core/packages/robot_describtion)
[4.224s] DEBUG:colcon.colcon_parallel_executor.executor.parallel:closing loop
[4.224s] DEBUG:colcon.colcon_parallel_executor.executor.parallel:loop closed
[4.224s] DEBUG:colcon.colcon_parallel_executor.executor.parallel:run_until_complete finished with '0'
[4.224s] DEBUG:colcon.colcon_core.event_reactor:joining thread
[4.228s] INFO:colcon.colcon_core.plugin_system:Skipping extension 'colcon_notification.desktop_notification.notify_send': Could not find 'notify-send'
[4.229s] INFO:colcon.colcon_core.plugin_system:Skipping extension 'colcon_notification.desktop_notification.terminal_notifier': Not used on non-Darwin systems
[4.229s] INFO:colcon.colcon_core.plugin_system:Skipping extension 'colcon_notification.desktop_notification.win32': Not used on non-Windows systems
[4.229s] INFO:colcon.colcon_notification.desktop_notification:Sending desktop notification using 'notify2'
[4.230s] DEBUG:colcon.colcon_notification.desktop_notification.notify2:Failed to initialize notify2: org.freedesktop.DBus.Error.Spawn.ExecFailed: /usr/bin/dbus-launch terminated abnormally without any error message
[4.230s] DEBUG:colcon.colcon_core.event_reactor:joined thread
[4.231s] INFO:colcon.colcon_core.shell:Creating prefix script '/root/my_ros_bot/workspace/install/local_setup.ps1'
[4.232s] INFO:colcon.colcon_core.shell:Creating prefix util module '/root/my_ros_bot/workspace/install/_local_setup_util_ps1.py'
[4.233s] INFO:colcon.colcon_core.shell:Creating prefix chain script '/root/my_ros_bot/workspace/install/setup.ps1'
[4.234s] INFO:colcon.colcon_core.shell:Creating prefix script '/root/my_ros_bot/workspace/install/local_setup.sh'
[4.234s] INFO:colcon.colcon_core.shell:Creating prefix util module '/root/my_ros_bot/workspace/install/_local_setup_util_sh.py'
[4.234s] INFO:colcon.colcon_core.shell:Creating prefix chain script '/root/my_ros_bot/workspace/install/setup.sh'
[4.235s] INFO:colcon.colcon_core.shell:Creating prefix script '/root/my_ros_bot/workspace/install/local_setup.bash'
[4.236s] INFO:colcon.colcon_core.shell:Creating prefix chain script '/root/my_ros_bot/workspace/install/setup.bash'
[4.238s] INFO:colcon.colcon_core.shell:Creating prefix script '/root/my_ros_bot/workspace/install/local_setup.zsh'
[4.238s] INFO:colcon.colcon_core.shell:Creating prefix chain script '/root/my_ros_bot/workspace/install/setup.zsh'
