[35m[1mConsolidate compiler generated dependencies of target robot_describtion[0m
[ 50%] [32mBuilding CXX object CMakeFiles/robot_describtion.dir/src/robot_describtion.cpp.o[0m
[100%] [32m[1mLinking CXX executable robot_describtion[0m
[100%] Built target robot_describtion
-- Install configuration: ""
-- Up-to-date: /root/my_ros_bot/workspace/install/robot_describtion/include
-- Up-to-date: /root/my_ros_bot/workspace/install/robot_describtion/include/robot_describtion
-- Installing: /root/my_ros_bot/workspace/install/robot_describtion/include/robot_describtion/robot_describtion.hpp
-- Installing: /root/my_ros_bot/workspace/install/robot_describtion/lib/robot_describtion/robot_describtion
-- Set runtime path of "/root/my_ros_bot/workspace/install/robot_describtion/lib/robot_describtion/robot_describtion" to ""
-- Up-to-date: /root/my_ros_bot/workspace/install/robot_describtion/share/robot_describtion/urdf
-- Up-to-date: /root/my_ros_bot/workspace/install/robot_describtion/share/robot_describtion/urdf/robot.urdf
-- Up-to-date: /root/my_ros_bot/workspace/install/robot_describtion/share/robot_describtion/launch
-- Up-to-date: /root/my_ros_bot/workspace/install/robot_describtion/share/robot_describtion/launch/launch.py
-- Up-to-date: /root/my_ros_bot/workspace/install/robot_describtion/share/ament_index/resource_index/package_run_dependencies/robot_describtion
-- Up-to-date: /root/my_ros_bot/workspace/install/robot_describtion/share/ament_index/resource_index/parent_prefix_path/robot_describtion
-- Up-to-date: /root/my_ros_bot/workspace/install/robot_describtion/share/robot_describtion/environment/ament_prefix_path.sh
-- Up-to-date: /root/my_ros_bot/workspace/install/robot_describtion/share/robot_describtion/environment/ament_prefix_path.dsv
-- Up-to-date: /root/my_ros_bot/workspace/install/robot_describtion/share/robot_describtion/environment/path.sh
-- Up-to-date: /root/my_ros_bot/workspace/install/robot_describtion/share/robot_describtion/environment/path.dsv
-- Up-to-date: /root/my_ros_bot/workspace/install/robot_describtion/share/robot_describtion/local_setup.bash
-- Up-to-date: /root/my_ros_bot/workspace/install/robot_describtion/share/robot_describtion/local_setup.sh
-- Up-to-date: /root/my_ros_bot/workspace/install/robot_describtion/share/robot_describtion/local_setup.zsh
-- Up-to-date: /root/my_ros_bot/workspace/install/robot_describtion/share/robot_describtion/local_setup.dsv
-- Installing: /root/my_ros_bot/workspace/install/robot_describtion/share/robot_describtion/package.dsv
-- Up-to-date: /root/my_ros_bot/workspace/install/robot_describtion/share/ament_index/resource_index/packages/robot_describtion
-- Up-to-date: /root/my_ros_bot/workspace/install/robot_describtion/share/robot_describtion/cmake/ament_cmake_export_dependencies-extras.cmake
-- Up-to-date: /root/my_ros_bot/workspace/install/robot_describtion/share/robot_describtion/cmake/ament_cmake_export_include_directories-extras.cmake
-- Up-to-date: /root/my_ros_bot/workspace/install/robot_describtion/share/robot_describtion/cmake/robot_describtionConfig.cmake
-- Up-to-date: /root/my_ros_bot/workspace/install/robot_describtion/share/robot_describtion/cmake/robot_describtionConfig-version.cmake
-- Up-to-date: /root/my_ros_bot/workspace/install/robot_describtion/share/robot_describtion/package.xml
