[0.025s] Invoking command in '/root/my_ros_bot/workspace/build/robot_describtion': CMAKE_PREFIX_PATH=${CMAKE_PREFIX_PATH}:/opt/ros/humble /usr/bin/cmake --build /root/my_ros_bot/workspace/build/robot_describtion -- -j8 -l8
[0.066s] [35m[1mConsolidate compiler generated dependencies of target robot_describtion[0m
[0.078s] [ 50%] [32mBuilding CXX object CMakeFiles/robot_describtion.dir/src/robot_describtion.cpp.o[0m
[3.634s] [100%] [32m[1mLinking CXX executable robot_describtion[0m
[3.865s] [100%] Built target robot_describtion
[3.873s] Invoked command in '/root/my_ros_bot/workspace/build/robot_describtion' returned '0': CMAKE_PREFIX_PATH=${CMAKE_PREFIX_PATH}:/opt/ros/humble /usr/bin/cmake --build /root/my_ros_bot/workspace/build/robot_describtion -- -j8 -l8
[3.891s] Invoking command in '/root/my_ros_bot/workspace/build/robot_describtion': CMAKE_PREFIX_PATH=${CMAKE_PREFIX_PATH}:/opt/ros/humble /usr/bin/cmake --install /root/my_ros_bot/workspace/build/robot_describtion
[3.896s] -- Install configuration: ""
[3.896s] -- Up-to-date: /root/my_ros_bot/workspace/install/robot_describtion/include
[3.896s] -- Up-to-date: /root/my_ros_bot/workspace/install/robot_describtion/include/robot_describtion
[3.897s] -- Installing: /root/my_ros_bot/workspace/install/robot_describtion/include/robot_describtion/robot_describtion.hpp
[3.897s] -- Installing: /root/my_ros_bot/workspace/install/robot_describtion/lib/robot_describtion/robot_describtion
[3.898s] -- Set runtime path of "/root/my_ros_bot/workspace/install/robot_describtion/lib/robot_describtion/robot_describtion" to ""
[3.898s] -- Up-to-date: /root/my_ros_bot/workspace/install/robot_describtion/share/robot_describtion/urdf
[3.898s] -- Up-to-date: /root/my_ros_bot/workspace/install/robot_describtion/share/robot_describtion/urdf/robot.urdf
[3.898s] -- Up-to-date: /root/my_ros_bot/workspace/install/robot_describtion/share/robot_describtion/launch
[3.898s] -- Up-to-date: /root/my_ros_bot/workspace/install/robot_describtion/share/robot_describtion/launch/launch.py
[3.898s] -- Up-to-date: /root/my_ros_bot/workspace/install/robot_describtion/share/ament_index/resource_index/package_run_dependencies/robot_describtion
[3.898s] -- Up-to-date: /root/my_ros_bot/workspace/install/robot_describtion/share/ament_index/resource_index/parent_prefix_path/robot_describtion
[3.898s] -- Up-to-date: /root/my_ros_bot/workspace/install/robot_describtion/share/robot_describtion/environment/ament_prefix_path.sh
[3.898s] -- Up-to-date: /root/my_ros_bot/workspace/install/robot_describtion/share/robot_describtion/environment/ament_prefix_path.dsv
[3.898s] -- Up-to-date: /root/my_ros_bot/workspace/install/robot_describtion/share/robot_describtion/environment/path.sh
[3.898s] -- Up-to-date: /root/my_ros_bot/workspace/install/robot_describtion/share/robot_describtion/environment/path.dsv
[3.898s] -- Up-to-date: /root/my_ros_bot/workspace/install/robot_describtion/share/robot_describtion/local_setup.bash
[3.898s] -- Up-to-date: /root/my_ros_bot/workspace/install/robot_describtion/share/robot_describtion/local_setup.sh
[3.898s] -- Up-to-date: /root/my_ros_bot/workspace/install/robot_describtion/share/robot_describtion/local_setup.zsh
[3.898s] -- Up-to-date: /root/my_ros_bot/workspace/install/robot_describtion/share/robot_describtion/local_setup.dsv
[3.898s] -- Installing: /root/my_ros_bot/workspace/install/robot_describtion/share/robot_describtion/package.dsv
[3.899s] -- Up-to-date: /root/my_ros_bot/workspace/install/robot_describtion/share/ament_index/resource_index/packages/robot_describtion
[3.899s] -- Up-to-date: /root/my_ros_bot/workspace/install/robot_describtion/share/robot_describtion/cmake/ament_cmake_export_dependencies-extras.cmake
[3.899s] -- Up-to-date: /root/my_ros_bot/workspace/install/robot_describtion/share/robot_describtion/cmake/ament_cmake_export_include_directories-extras.cmake
[3.899s] -- Up-to-date: /root/my_ros_bot/workspace/install/robot_describtion/share/robot_describtion/cmake/robot_describtionConfig.cmake
[3.899s] -- Up-to-date: /root/my_ros_bot/workspace/install/robot_describtion/share/robot_describtion/cmake/robot_describtionConfig-version.cmake
[3.899s] -- Up-to-date: /root/my_ros_bot/workspace/install/robot_describtion/share/robot_describtion/package.xml
[3.900s] Invoked command in '/root/my_ros_bot/workspace/build/robot_describtion' returned '0': CMAKE_PREFIX_PATH=${CMAKE_PREFIX_PATH}:/opt/ros/humble /usr/bin/cmake --install /root/my_ros_bot/workspace/build/robot_describtion
