[0.139s] DEBUG:colcon:Command line arguments: ['/usr/bin/colcon', 'build']
[0.139s] DEBUG:colcon:Parsed command line arguments: Namespace(log_base=None, log_level=None, verb_name='build', build_base='build', install_base='install', merge_install=False, symlink_install=False, test_result_base=None, continue_on_error=False, executor='parallel', parallel_workers=8, event_handlers=None, ignore_user_meta=False, metas=['./colcon.meta'], base_paths=['.'], packages_ignore=None, packages_ignore_regex=None, paths=None, packages_up_to=None, packages_up_to_regex=None, packages_above=None, packages_above_and_dependencies=None, packages_above_depth=None, packages_select_by_dep=None, packages_skip_by_dep=None, packages_skip_up_to=None, packages_select_build_failed=False, packages_skip_build_finished=False, packages_select_test_failures=False, packages_skip_test_passed=False, packages_select=None, packages_skip=None, packages_select_regex=None, packages_skip_regex=None, packages_start=None, packages_end=None, cmake_args=None, cmake_target=None, cmake_target_skip_unavailable=False, cmake_clean_cache=False, cmake_clean_first=False, cmake_force_configure=False, ament_cmake_args=None, catkin_cmake_args=None, catkin_skip_building_tests=False, mixin_files=None, mixin=None, verb_parser=<colcon_mixin.mixin.mixin_argument.MixinArgumentDecorator object at 0x75a9858dd180>, verb_extension=<colcon_core.verb.build.BuildVerb object at 0x75a9858dc820>, main=<bound method BuildVerb.main of <colcon_core.verb.build.BuildVerb object at 0x75a9858dc820>>, mixin_verb=('build',))
[0.351s] Level 1:colcon.colcon_core.package_discovery:discover_packages(colcon_meta) check parameters
[0.351s] Level 1:colcon.colcon_core.package_discovery:discover_packages(recursive) check parameters
[0.351s] Level 1:colcon.colcon_core.package_discovery:discover_packages(ignore) check parameters
[0.351s] Level 1:colcon.colcon_core.package_discovery:discover_packages(path) check parameters
[0.352s] Level 1:colcon.colcon_core.package_discovery:discover_packages(colcon_meta) discover
[0.352s] Level 1:colcon.colcon_core.package_discovery:discover_packages(recursive) discover
[0.352s] INFO:colcon.colcon_core.package_discovery:Crawling recursively for packages in '/root/my_ros_bot/workspace'
[0.352s] Level 1:colcon.colcon_core.package_identification:_identify(.) by extensions ['ignore', 'ignore_ament_install']
[0.352s] Level 1:colcon.colcon_core.package_identification:_identify(.) by extension 'ignore'
[0.352s] Level 1:colcon.colcon_core.package_identification:_identify(.) by extension 'ignore_ament_install'
[0.352s] Level 1:colcon.colcon_core.package_identification:_identify(.) by extensions ['colcon_pkg']
[0.352s] Level 1:colcon.colcon_core.package_identification:_identify(.) by extension 'colcon_pkg'
[0.352s] Level 1:colcon.colcon_core.package_identification:_identify(.) by extensions ['colcon_meta']
[0.352s] Level 1:colcon.colcon_core.package_identification:_identify(.) by extension 'colcon_meta'
[0.352s] Level 1:colcon.colcon_core.package_identification:_identify(.) by extensions ['ros']
[0.352s] Level 1:colcon.colcon_core.package_identification:_identify(.) by extension 'ros'
[0.364s] Level 1:colcon.colcon_core.package_identification:_identify(.) by extensions ['cmake', 'python']
[0.364s] Level 1:colcon.colcon_core.package_identification:_identify(.) by extension 'cmake'
[0.364s] Level 1:colcon.colcon_core.package_identification:_identify(.) by extension 'python'
[0.364s] Level 1:colcon.colcon_core.package_identification:_identify(.) by extensions ['python_setup_py']
[0.364s] Level 1:colcon.colcon_core.package_identification:_identify(.) by extension 'python_setup_py'
[0.364s] Level 1:colcon.colcon_core.package_identification:_identify(build) by extensions ['ignore', 'ignore_ament_install']
[0.364s] Level 1:colcon.colcon_core.package_identification:_identify(build) by extension 'ignore'
[0.364s] Level 1:colcon.colcon_core.package_identification:_identify(build) ignored
[0.364s] Level 1:colcon.colcon_core.package_identification:_identify(data) by extensions ['ignore', 'ignore_ament_install']
[0.364s] Level 1:colcon.colcon_core.package_identification:_identify(data) by extension 'ignore'
[0.364s] Level 1:colcon.colcon_core.package_identification:_identify(data) by extension 'ignore_ament_install'
[0.364s] Level 1:colcon.colcon_core.package_identification:_identify(data) by extensions ['colcon_pkg']
[0.364s] Level 1:colcon.colcon_core.package_identification:_identify(data) by extension 'colcon_pkg'
[0.364s] Level 1:colcon.colcon_core.package_identification:_identify(data) by extensions ['colcon_meta']
[0.364s] Level 1:colcon.colcon_core.package_identification:_identify(data) by extension 'colcon_meta'
[0.364s] Level 1:colcon.colcon_core.package_identification:_identify(data) by extensions ['ros']
[0.364s] Level 1:colcon.colcon_core.package_identification:_identify(data) by extension 'ros'
[0.365s] Level 1:colcon.colcon_core.package_identification:_identify(data) by extensions ['cmake', 'python']
[0.365s] Level 1:colcon.colcon_core.package_identification:_identify(data) by extension 'cmake'
[0.365s] Level 1:colcon.colcon_core.package_identification:_identify(data) by extension 'python'
[0.365s] Level 1:colcon.colcon_core.package_identification:_identify(data) by extensions ['python_setup_py']
[0.365s] Level 1:colcon.colcon_core.package_identification:_identify(data) by extension 'python_setup_py'
[0.365s] Level 1:colcon.colcon_core.package_identification:_identify(install) by extensions ['ignore', 'ignore_ament_install']
[0.365s] Level 1:colcon.colcon_core.package_identification:_identify(install) by extension 'ignore'
[0.365s] Level 1:colcon.colcon_core.package_identification:_identify(install) ignored
[0.365s] Level 1:colcon.colcon_core.package_identification:_identify(log) by extensions ['ignore', 'ignore_ament_install']
[0.365s] Level 1:colcon.colcon_core.package_identification:_identify(log) by extension 'ignore'
[0.365s] Level 1:colcon.colcon_core.package_identification:_identify(log) ignored
[0.365s] Level 1:colcon.colcon_core.package_identification:_identify(src) by extensions ['ignore', 'ignore_ament_install']
[0.365s] Level 1:colcon.colcon_core.package_identification:_identify(src) by extension 'ignore'
[0.365s] Level 1:colcon.colcon_core.package_identification:_identify(src) by extension 'ignore_ament_install'
[0.365s] Level 1:colcon.colcon_core.package_identification:_identify(src) by extensions ['colcon_pkg']
[0.365s] Level 1:colcon.colcon_core.package_identification:_identify(src) by extension 'colcon_pkg'
[0.365s] Level 1:colcon.colcon_core.package_identification:_identify(src) by extensions ['colcon_meta']
[0.365s] Level 1:colcon.colcon_core.package_identification:_identify(src) by extension 'colcon_meta'
[0.365s] Level 1:colcon.colcon_core.package_identification:_identify(src) by extensions ['ros']
[0.365s] Level 1:colcon.colcon_core.package_identification:_identify(src) by extension 'ros'
[0.365s] Level 1:colcon.colcon_core.package_identification:_identify(src) by extensions ['cmake', 'python']
[0.366s] Level 1:colcon.colcon_core.package_identification:_identify(src) by extension 'cmake'
[0.366s] Level 1:colcon.colcon_core.package_identification:_identify(src) by extension 'python'
[0.366s] Level 1:colcon.colcon_core.package_identification:_identify(src) by extensions ['python_setup_py']
[0.366s] Level 1:colcon.colcon_core.package_identification:_identify(src) by extension 'python_setup_py'
[0.366s] Level 1:colcon.colcon_core.package_identification:_identify(src/robot_describtion) by extensions ['ignore', 'ignore_ament_install']
[0.366s] Level 1:colcon.colcon_core.package_identification:_identify(src/robot_describtion) by extension 'ignore'
[0.366s] Level 1:colcon.colcon_core.package_identification:_identify(src/robot_describtion) by extension 'ignore_ament_install'
[0.366s] Level 1:colcon.colcon_core.package_identification:_identify(src/robot_describtion) by extensions ['colcon_pkg']
[0.366s] Level 1:colcon.colcon_core.package_identification:_identify(src/robot_describtion) by extension 'colcon_pkg'
[0.366s] Level 1:colcon.colcon_core.package_identification:_identify(src/robot_describtion) by extensions ['colcon_meta']
[0.366s] Level 1:colcon.colcon_core.package_identification:_identify(src/robot_describtion) by extension 'colcon_meta'
[0.366s] Level 1:colcon.colcon_core.package_identification:_identify(src/robot_describtion) by extensions ['ros']
[0.366s] Level 1:colcon.colcon_core.package_identification:_identify(src/robot_describtion) by extension 'ros'
[0.369s] DEBUG:colcon.colcon_core.package_identification:Package 'src/robot_describtion' with type 'ros.ament_cmake' and name 'robot_describtion'
[0.369s] Level 1:colcon.colcon_core.package_identification:_identify(src/robot_world) by extensions ['ignore', 'ignore_ament_install']
[0.369s] Level 1:colcon.colcon_core.package_identification:_identify(src/robot_world) by extension 'ignore'
[0.369s] Level 1:colcon.colcon_core.package_identification:_identify(src/robot_world) by extension 'ignore_ament_install'
[0.369s] Level 1:colcon.colcon_core.package_identification:_identify(src/robot_world) by extensions ['colcon_pkg']
[0.369s] Level 1:colcon.colcon_core.package_identification:_identify(src/robot_world) by extension 'colcon_pkg'
[0.369s] Level 1:colcon.colcon_core.package_identification:_identify(src/robot_world) by extensions ['colcon_meta']
[0.369s] Level 1:colcon.colcon_core.package_identification:_identify(src/robot_world) by extension 'colcon_meta'
[0.369s] Level 1:colcon.colcon_core.package_identification:_identify(src/robot_world) by extensions ['ros']
[0.369s] Level 1:colcon.colcon_core.package_identification:_identify(src/robot_world) by extension 'ros'
[0.370s] DEBUG:colcon.colcon_core.package_identification:Package 'src/robot_world' with type 'ros.ament_cmake' and name 'robot_world'
[0.370s] Level 1:colcon.colcon_core.package_discovery:discover_packages(recursive) using defaults
[0.370s] Level 1:colcon.colcon_core.package_discovery:discover_packages(ignore) discover
[0.370s] Level 1:colcon.colcon_core.package_discovery:discover_packages(ignore) using defaults
[0.370s] Level 1:colcon.colcon_core.package_discovery:discover_packages(path) discover
[0.370s] Level 1:colcon.colcon_core.package_discovery:discover_packages(path) using defaults
[0.392s] Level 5:colcon.colcon_core.verb:set package 'robot_describtion' build argument 'cmake_args' from command line to 'None'
[0.392s] Level 5:colcon.colcon_core.verb:set package 'robot_describtion' build argument 'cmake_target' from command line to 'None'
[0.392s] Level 5:colcon.colcon_core.verb:set package 'robot_describtion' build argument 'cmake_target_skip_unavailable' from command line to 'False'
[0.392s] Level 5:colcon.colcon_core.verb:set package 'robot_describtion' build argument 'cmake_clean_cache' from command line to 'False'
[0.392s] Level 5:colcon.colcon_core.verb:set package 'robot_describtion' build argument 'cmake_clean_first' from command line to 'False'
[0.392s] Level 5:colcon.colcon_core.verb:set package 'robot_describtion' build argument 'cmake_force_configure' from command line to 'False'
[0.392s] Level 5:colcon.colcon_core.verb:set package 'robot_describtion' build argument 'ament_cmake_args' from command line to 'None'
[0.392s] Level 5:colcon.colcon_core.verb:set package 'robot_describtion' build argument 'catkin_cmake_args' from command line to 'None'
[0.392s] Level 5:colcon.colcon_core.verb:set package 'robot_describtion' build argument 'catkin_skip_building_tests' from command line to 'False'
[0.393s] DEBUG:colcon.colcon_core.verb:Building package 'robot_describtion' with the following arguments: {'ament_cmake_args': None, 'build_base': '/root/my_ros_bot/workspace/build/robot_describtion', 'catkin_cmake_args': None, 'catkin_skip_building_tests': False, 'cmake_args': None, 'cmake_clean_cache': False, 'cmake_clean_first': False, 'cmake_force_configure': False, 'cmake_target': None, 'cmake_target_skip_unavailable': False, 'install_base': '/root/my_ros_bot/workspace/install/robot_describtion', 'merge_install': False, 'path': '/root/my_ros_bot/workspace/src/robot_describtion', 'symlink_install': False, 'test_result_base': None}
[0.393s] Level 5:colcon.colcon_core.verb:set package 'robot_world' build argument 'cmake_args' from command line to 'None'
[0.393s] Level 5:colcon.colcon_core.verb:set package 'robot_world' build argument 'cmake_target' from command line to 'None'
[0.393s] Level 5:colcon.colcon_core.verb:set package 'robot_world' build argument 'cmake_target_skip_unavailable' from command line to 'False'
[0.393s] Level 5:colcon.colcon_core.verb:set package 'robot_world' build argument 'cmake_clean_cache' from command line to 'False'
[0.393s] Level 5:colcon.colcon_core.verb:set package 'robot_world' build argument 'cmake_clean_first' from command line to 'False'
[0.393s] Level 5:colcon.colcon_core.verb:set package 'robot_world' build argument 'cmake_force_configure' from command line to 'False'
[0.393s] Level 5:colcon.colcon_core.verb:set package 'robot_world' build argument 'ament_cmake_args' from command line to 'None'
[0.393s] Level 5:colcon.colcon_core.verb:set package 'robot_world' build argument 'catkin_cmake_args' from command line to 'None'
[0.393s] Level 5:colcon.colcon_core.verb:set package 'robot_world' build argument 'catkin_skip_building_tests' from command line to 'False'
[0.393s] DEBUG:colcon.colcon_core.verb:Building package 'robot_world' with the following arguments: {'ament_cmake_args': None, 'build_base': '/root/my_ros_bot/workspace/build/robot_world', 'catkin_cmake_args': None, 'catkin_skip_building_tests': False, 'cmake_args': None, 'cmake_clean_cache': False, 'cmake_clean_first': False, 'cmake_force_configure': False, 'cmake_target': None, 'cmake_target_skip_unavailable': False, 'install_base': '/root/my_ros_bot/workspace/install/robot_world', 'merge_install': False, 'path': '/root/my_ros_bot/workspace/src/robot_world', 'symlink_install': False, 'test_result_base': None}
[0.393s] INFO:colcon.colcon_core.executor:Executing jobs using 'parallel' executor
[0.394s] DEBUG:colcon.colcon_parallel_executor.executor.parallel:run_until_complete
[0.394s] INFO:colcon.colcon_ros.task.ament_cmake.build:Building ROS package in '/root/my_ros_bot/workspace/src/robot_describtion' with build type 'ament_cmake'
[0.394s] INFO:colcon.colcon_cmake.task.cmake.build:Building CMake package in '/root/my_ros_bot/workspace/src/robot_describtion'
[0.397s] INFO:colcon.colcon_core.plugin_system:Skipping extension 'colcon_core.shell.bat': Not used on non-Windows systems
[0.397s] INFO:colcon.colcon_core.shell:Skip shell extension 'powershell' for command environment: Not usable outside of PowerShell
[0.397s] DEBUG:colcon.colcon_core.shell:Skip shell extension 'dsv' for command environment
[0.413s] INFO:colcon.colcon_ros.task.ament_cmake.build:Building ROS package in '/root/my_ros_bot/workspace/src/robot_world' with build type 'ament_cmake'
[0.413s] INFO:colcon.colcon_cmake.task.cmake.build:Building CMake package in '/root/my_ros_bot/workspace/src/robot_world'
[0.413s] INFO:colcon.colcon_core.shell:Skip shell extension 'powershell' for command environment: Not usable outside of PowerShell
[0.413s] DEBUG:colcon.colcon_core.shell:Skip shell extension 'dsv' for command environment
[0.418s] DEBUG:colcon.colcon_core.event_handler.log_command:Invoking command in '/root/my_ros_bot/workspace/build/robot_describtion': CMAKE_PREFIX_PATH=${CMAKE_PREFIX_PATH}:/opt/ros/humble /usr/bin/cmake --build /root/my_ros_bot/workspace/build/robot_describtion -- -j8 -l8
[0.423s] DEBUG:colcon.colcon_core.event_handler.log_command:Invoking command in '/root/my_ros_bot/workspace/build/robot_world': CMAKE_PREFIX_PATH=${CMAKE_PREFIX_PATH}:/opt/ros/humble /usr/bin/cmake --build /root/my_ros_bot/workspace/build/robot_world -- -j8 -l8
[0.471s] DEBUG:colcon.colcon_core.event_handler.log_command:Invoked command in '/root/my_ros_bot/workspace/build/robot_world' returned '0': CMAKE_PREFIX_PATH=${CMAKE_PREFIX_PATH}:/opt/ros/humble /usr/bin/cmake --build /root/my_ros_bot/workspace/build/robot_world -- -j8 -l8
[0.494s] DEBUG:colcon.colcon_core.event_handler.log_command:Invoking command in '/root/my_ros_bot/workspace/build/robot_world': CMAKE_PREFIX_PATH=${CMAKE_PREFIX_PATH}:/opt/ros/humble /usr/bin/cmake --install /root/my_ros_bot/workspace/build/robot_world
[0.502s] Level 1:colcon.colcon_core.environment:create_environment_scripts_only(robot_world)
[0.502s] DEBUG:colcon.colcon_core.event_handler.log_command:Invoked command in '/root/my_ros_bot/workspace/build/robot_world' returned '0': CMAKE_PREFIX_PATH=${CMAKE_PREFIX_PATH}:/opt/ros/humble /usr/bin/cmake --install /root/my_ros_bot/workspace/build/robot_world
[0.506s] Level 1:colcon.colcon_core.environment:checking '/root/my_ros_bot/workspace/install/robot_world' for CMake module files
[0.506s] Level 1:colcon.colcon_core.environment:checking '/root/my_ros_bot/workspace/install/robot_world' for CMake config files
[0.507s] Level 1:colcon.colcon_core.shell:create_environment_hook('robot_world', 'cmake_prefix_path')
[0.507s] INFO:colcon.colcon_core.shell:Creating environment hook '/root/my_ros_bot/workspace/install/robot_world/share/robot_world/hook/cmake_prefix_path.ps1'
[0.508s] INFO:colcon.colcon_core.shell:Creating environment descriptor '/root/my_ros_bot/workspace/install/robot_world/share/robot_world/hook/cmake_prefix_path.dsv'
[0.509s] INFO:colcon.colcon_core.shell:Creating environment hook '/root/my_ros_bot/workspace/install/robot_world/share/robot_world/hook/cmake_prefix_path.sh'
[0.510s] Level 1:colcon.colcon_core.environment:checking '/root/my_ros_bot/workspace/install/robot_world/lib'
[0.510s] Level 1:colcon.colcon_core.environment:checking '/root/my_ros_bot/workspace/install/robot_world/bin'
[0.510s] Level 1:colcon.colcon_core.environment:checking '/root/my_ros_bot/workspace/install/robot_world/lib/pkgconfig/robot_world.pc'
[0.512s] Level 1:colcon.colcon_core.environment:checking '/root/my_ros_bot/workspace/install/robot_world/lib/python3.10/site-packages'
[0.512s] Level 1:colcon.colcon_core.environment:checking '/root/my_ros_bot/workspace/install/robot_world/bin'
[0.513s] INFO:colcon.colcon_core.shell:Creating package script '/root/my_ros_bot/workspace/install/robot_world/share/robot_world/package.ps1'
[0.513s] INFO:colcon.colcon_core.shell:Creating package descriptor '/root/my_ros_bot/workspace/install/robot_world/share/robot_world/package.dsv'
[0.514s] INFO:colcon.colcon_core.shell:Creating package script '/root/my_ros_bot/workspace/install/robot_world/share/robot_world/package.sh'
[0.515s] INFO:colcon.colcon_core.shell:Creating package script '/root/my_ros_bot/workspace/install/robot_world/share/robot_world/package.bash'
[0.516s] INFO:colcon.colcon_core.shell:Creating package script '/root/my_ros_bot/workspace/install/robot_world/share/robot_world/package.zsh'
[0.517s] Level 1:colcon.colcon_core.environment:create_file_with_runtime_dependencies(/root/my_ros_bot/workspace/install/robot_world/share/colcon-core/packages/robot_world)
[0.534s] Level 1:colcon.colcon_core.environment:create_environment_scripts_only(robot_world)
[0.534s] Level 1:colcon.colcon_core.environment:checking '/root/my_ros_bot/workspace/install/robot_world' for CMake module files
[0.534s] Level 1:colcon.colcon_core.environment:checking '/root/my_ros_bot/workspace/install/robot_world' for CMake config files
[0.535s] Level 1:colcon.colcon_core.shell:create_environment_hook('robot_world', 'cmake_prefix_path')
[0.535s] INFO:colcon.colcon_core.shell:Creating environment hook '/root/my_ros_bot/workspace/install/robot_world/share/robot_world/hook/cmake_prefix_path.ps1'
[0.536s] INFO:colcon.colcon_core.shell:Creating environment descriptor '/root/my_ros_bot/workspace/install/robot_world/share/robot_world/hook/cmake_prefix_path.dsv'
[0.536s] INFO:colcon.colcon_core.shell:Creating environment hook '/root/my_ros_bot/workspace/install/robot_world/share/robot_world/hook/cmake_prefix_path.sh'
[0.536s] Level 1:colcon.colcon_core.environment:checking '/root/my_ros_bot/workspace/install/robot_world/lib'
[0.537s] Level 1:colcon.colcon_core.environment:checking '/root/my_ros_bot/workspace/install/robot_world/bin'
[0.537s] Level 1:colcon.colcon_core.environment:checking '/root/my_ros_bot/workspace/install/robot_world/lib/pkgconfig/robot_world.pc'
[0.537s] Level 1:colcon.colcon_core.environment:checking '/root/my_ros_bot/workspace/install/robot_world/lib/python3.10/site-packages'
[0.537s] Level 1:colcon.colcon_core.environment:checking '/root/my_ros_bot/workspace/install/robot_world/bin'
[0.537s] INFO:colcon.colcon_core.shell:Creating package script '/root/my_ros_bot/workspace/install/robot_world/share/robot_world/package.ps1'
[0.538s] INFO:colcon.colcon_core.shell:Creating package descriptor '/root/my_ros_bot/workspace/install/robot_world/share/robot_world/package.dsv'
[0.538s] INFO:colcon.colcon_core.shell:Creating package script '/root/my_ros_bot/workspace/install/robot_world/share/robot_world/package.sh'
[0.539s] INFO:colcon.colcon_core.shell:Creating package script '/root/my_ros_bot/workspace/install/robot_world/share/robot_world/package.bash'
[0.539s] INFO:colcon.colcon_core.shell:Creating package script '/root/my_ros_bot/workspace/install/robot_world/share/robot_world/package.zsh'
[0.539s] Level 1:colcon.colcon_core.environment:create_file_with_runtime_dependencies(/root/my_ros_bot/workspace/install/robot_world/share/colcon-core/packages/robot_world)
[2.885s] DEBUG:colcon.colcon_core.event_handler.log_command:Invoked command in '/root/my_ros_bot/workspace/build/robot_describtion' returned '2': CMAKE_PREFIX_PATH=${CMAKE_PREFIX_PATH}:/opt/ros/humble /usr/bin/cmake --build /root/my_ros_bot/workspace/build/robot_describtion -- -j8 -l8
[2.900s] Level 1:colcon.colcon_core.environment:create_environment_scripts_only(robot_describtion)
[2.900s] Level 1:colcon.colcon_core.environment:checking '/root/my_ros_bot/workspace/install/robot_describtion' for CMake module files
[2.900s] Level 1:colcon.colcon_core.environment:checking '/root/my_ros_bot/workspace/install/robot_describtion' for CMake config files
[2.902s] Level 1:colcon.colcon_core.shell:create_environment_hook('robot_describtion', 'cmake_prefix_path')
[2.902s] INFO:colcon.colcon_core.shell:Creating environment hook '/root/my_ros_bot/workspace/install/robot_describtion/share/robot_describtion/hook/cmake_prefix_path.ps1'
[2.902s] INFO:colcon.colcon_core.shell:Creating environment descriptor '/root/my_ros_bot/workspace/install/robot_describtion/share/robot_describtion/hook/cmake_prefix_path.dsv'
[2.902s] INFO:colcon.colcon_core.shell:Creating environment hook '/root/my_ros_bot/workspace/install/robot_describtion/share/robot_describtion/hook/cmake_prefix_path.sh'
[2.903s] Level 1:colcon.colcon_core.environment:checking '/root/my_ros_bot/workspace/install/robot_describtion/lib'
[2.903s] Level 1:colcon.colcon_core.environment:checking '/root/my_ros_bot/workspace/install/robot_describtion/bin'
[2.903s] Level 1:colcon.colcon_core.environment:checking '/root/my_ros_bot/workspace/install/robot_describtion/lib/pkgconfig/robot_describtion.pc'
[2.903s] Level 1:colcon.colcon_core.environment:checking '/root/my_ros_bot/workspace/install/robot_describtion/lib/python3.10/site-packages'
[2.903s] Level 1:colcon.colcon_core.environment:checking '/root/my_ros_bot/workspace/install/robot_describtion/bin'
[2.904s] INFO:colcon.colcon_core.shell:Creating package script '/root/my_ros_bot/workspace/install/robot_describtion/share/robot_describtion/package.ps1'
[2.904s] INFO:colcon.colcon_core.shell:Creating package descriptor '/root/my_ros_bot/workspace/install/robot_describtion/share/robot_describtion/package.dsv'
[2.904s] INFO:colcon.colcon_core.shell:Creating package script '/root/my_ros_bot/workspace/install/robot_describtion/share/robot_describtion/package.sh'
[2.905s] INFO:colcon.colcon_core.shell:Creating package script '/root/my_ros_bot/workspace/install/robot_describtion/share/robot_describtion/package.bash'
[2.905s] INFO:colcon.colcon_core.shell:Creating package script '/root/my_ros_bot/workspace/install/robot_describtion/share/robot_describtion/package.zsh'
[2.905s] Level 1:colcon.colcon_core.environment:create_file_with_runtime_dependencies(/root/my_ros_bot/workspace/install/robot_describtion/share/colcon-core/packages/robot_describtion)
[2.915s] DEBUG:colcon.colcon_parallel_executor.executor.parallel:closing loop
[2.916s] DEBUG:colcon.colcon_parallel_executor.executor.parallel:loop closed
[2.916s] DEBUG:colcon.colcon_parallel_executor.executor.parallel:run_until_complete finished with '2'
[2.916s] DEBUG:colcon.colcon_core.event_reactor:joining thread
[2.923s] INFO:colcon.colcon_core.plugin_system:Skipping extension 'colcon_notification.desktop_notification.notify_send': Could not find 'notify-send'
[2.923s] INFO:colcon.colcon_core.plugin_system:Skipping extension 'colcon_notification.desktop_notification.terminal_notifier': Not used on non-Darwin systems
[2.923s] INFO:colcon.colcon_core.plugin_system:Skipping extension 'colcon_notification.desktop_notification.win32': Not used on non-Windows systems
[2.923s] INFO:colcon.colcon_notification.desktop_notification:Sending desktop notification using 'notify2'
[2.924s] DEBUG:colcon.colcon_notification.desktop_notification.notify2:Failed to initialize notify2: org.freedesktop.DBus.Error.Spawn.ExecFailed: /usr/bin/dbus-launch terminated abnormally without any error message
[2.925s] DEBUG:colcon.colcon_core.event_reactor:joined thread
[2.925s] INFO:colcon.colcon_core.shell:Creating prefix script '/root/my_ros_bot/workspace/install/local_setup.ps1'
[2.926s] INFO:colcon.colcon_core.shell:Creating prefix util module '/root/my_ros_bot/workspace/install/_local_setup_util_ps1.py'
[2.928s] INFO:colcon.colcon_core.shell:Creating prefix chain script '/root/my_ros_bot/workspace/install/setup.ps1'
[2.929s] INFO:colcon.colcon_core.shell:Creating prefix script '/root/my_ros_bot/workspace/install/local_setup.sh'
[2.930s] INFO:colcon.colcon_core.shell:Creating prefix util module '/root/my_ros_bot/workspace/install/_local_setup_util_sh.py'
[2.931s] INFO:colcon.colcon_core.shell:Creating prefix chain script '/root/my_ros_bot/workspace/install/setup.sh'
[2.933s] INFO:colcon.colcon_core.shell:Creating prefix script '/root/my_ros_bot/workspace/install/local_setup.bash'
[2.935s] INFO:colcon.colcon_core.shell:Creating prefix chain script '/root/my_ros_bot/workspace/install/setup.bash'
[2.937s] INFO:colcon.colcon_core.shell:Creating prefix script '/root/my_ros_bot/workspace/install/local_setup.zsh'
[2.938s] INFO:colcon.colcon_core.shell:Creating prefix chain script '/root/my_ros_bot/workspace/install/setup.zsh'
