[0.008s] Invoking command in '/root/my_ros_bot/workspace/build/robot_describtion': CMAKE_PREFIX_PATH=${CMAKE_PREFIX_PATH}:/opt/ros/humble /usr/bin/cmake --build /root/my_ros_bot/workspace/build/robot_describtion -- -j8 -l8
[0.026s] -- Found ament_cmake_auto: 1.3.8 (/opt/ros/humble/share/ament_cmake_auto/cmake)
[0.197s] -- Found rosidl_generator_c: 3.1.5 (/opt/ros/humble/share/rosidl_generator_c/cmake)
[0.199s] -- Found rosidl_adapter: 3.1.5 (/opt/ros/humble/share/rosidl_adapter/cmake)
[0.204s] -- Found rosidl_generator_cpp: 3.1.5 (/opt/ros/humble/share/rosidl_generator_cpp/cmake)
[0.213s] -- Using all available rosidl_typesupport_c: rosidl_typesupport_fastrtps_c;rosidl_typesupport_introspection_c
[0.227s] -- Using all available rosidl_typesupport_cpp: rosidl_typesupport_fastrtps_cpp;rosidl_typesupport_introspection_cpp
[0.277s] -- Found rmw_implementation_cmake: 6.1.1 (/opt/ros/humble/share/rmw_implementation_cmake/cmake)
[0.278s] -- Found rmw_fastrtps_cpp: 6.2.6 (/opt/ros/humble/share/rmw_fastrtps_cpp/cmake)
[0.393s] -- Using RMW implementation 'rmw_fastrtps_cpp' as default
[0.540s] -- Found ament_lint_auto: 0.12.10 (/opt/ros/humble/share/ament_lint_auto/cmake)
[0.547s] -- Added test 'cppcheck' to perform static code analysis on C / C++ code
[0.547s] -- Configured cppcheck include dirs: /root/my_ros_bot/workspace/src/robot_describtion/./include;/root/my_ros_bot/workspace/src/robot_describtion/include
[0.547s] -- Configured cppcheck exclude dirs and/or files: 
[0.548s] -- Added test 'flake8' to check Python code syntax and style conventions
[0.548s] -- Added test 'lint_cmake' to check CMake code style
[0.548s] -- Added test 'pep257' to check Python code against some of the docstring style conventions in PEP 257
[0.549s] -- Added test 'uncrustify' to check C / C++ code style
[0.549s] -- Configured uncrustify additional arguments: 
[0.549s] -- Added test 'xmllint' to check XML markup files
[0.551s] -- Configuring done
[0.557s] -- Generating done
[0.558s] -- Build files have been written to: /root/my_ros_bot/workspace/build/robot_describtion
[0.574s] [35m[1mConsolidate compiler generated dependencies of target robot_describtion[0m
[0.587s] [100%] Built target robot_describtion
[0.594s] Invoked command in '/root/my_ros_bot/workspace/build/robot_describtion' returned '0': CMAKE_PREFIX_PATH=${CMAKE_PREFIX_PATH}:/opt/ros/humble /usr/bin/cmake --build /root/my_ros_bot/workspace/build/robot_describtion -- -j8 -l8
[0.617s] Invoking command in '/root/my_ros_bot/workspace/build/robot_describtion': CMAKE_PREFIX_PATH=${CMAKE_PREFIX_PATH}:/opt/ros/humble /usr/bin/cmake --install /root/my_ros_bot/workspace/build/robot_describtion
[0.622s] -- Install configuration: ""
[0.622s] -- Up-to-date: /root/my_ros_bot/workspace/install/robot_describtion/lib/robot_describtion/robot_describtion
[0.622s] -- Up-to-date: /root/my_ros_bot/workspace/install/robot_describtion/share/robot_describtion/urdf
[0.622s] -- Up-to-date: /root/my_ros_bot/workspace/install/robot_describtion/share/robot_describtion/urdf/robot.urdf
[0.622s] -- Up-to-date: /root/my_ros_bot/workspace/install/robot_describtion/include
[0.622s] -- Up-to-date: /root/my_ros_bot/workspace/install/robot_describtion/include/robot_describtion
[0.623s] -- Up-to-date: /root/my_ros_bot/workspace/install/robot_describtion/include/robot_describtion/robot_describtion.hpp
[0.623s] -- Up-to-date: /root/my_ros_bot/workspace/install/robot_describtion/lib/robot_describtion/robot_describtion
[0.623s] -- Up-to-date: /root/my_ros_bot/workspace/install/robot_describtion/share/ament_index/resource_index/package_run_dependencies/robot_describtion
[0.623s] -- Up-to-date: /root/my_ros_bot/workspace/install/robot_describtion/share/ament_index/resource_index/parent_prefix_path/robot_describtion
[0.623s] -- Up-to-date: /root/my_ros_bot/workspace/install/robot_describtion/share/robot_describtion/environment/ament_prefix_path.sh
[0.623s] -- Installing: /root/my_ros_bot/workspace/install/robot_describtion/share/robot_describtion/environment/ament_prefix_path.dsv
[0.623s] -- Up-to-date: /root/my_ros_bot/workspace/install/robot_describtion/share/robot_describtion/environment/path.sh
[0.623s] -- Installing: /root/my_ros_bot/workspace/install/robot_describtion/share/robot_describtion/environment/path.dsv
[0.623s] -- Up-to-date: /root/my_ros_bot/workspace/install/robot_describtion/share/robot_describtion/local_setup.bash
[0.623s] -- Up-to-date: /root/my_ros_bot/workspace/install/robot_describtion/share/robot_describtion/local_setup.sh
[0.624s] -- Up-to-date: /root/my_ros_bot/workspace/install/robot_describtion/share/robot_describtion/local_setup.zsh
[0.624s] -- Installing: /root/my_ros_bot/workspace/install/robot_describtion/share/robot_describtion/local_setup.dsv
[0.624s] -- Installing: /root/my_ros_bot/workspace/install/robot_describtion/share/robot_describtion/package.dsv
[0.624s] -- Up-to-date: /root/my_ros_bot/workspace/install/robot_describtion/share/ament_index/resource_index/packages/robot_describtion
[0.624s] -- Up-to-date: /root/my_ros_bot/workspace/install/robot_describtion/share/robot_describtion/cmake/ament_cmake_export_dependencies-extras.cmake
[0.624s] -- Up-to-date: /root/my_ros_bot/workspace/install/robot_describtion/share/robot_describtion/cmake/ament_cmake_export_include_directories-extras.cmake
[0.624s] -- Up-to-date: /root/my_ros_bot/workspace/install/robot_describtion/share/robot_describtion/cmake/robot_describtionConfig.cmake
[0.624s] -- Up-to-date: /root/my_ros_bot/workspace/install/robot_describtion/share/robot_describtion/cmake/robot_describtionConfig-version.cmake
[0.624s] -- Up-to-date: /root/my_ros_bot/workspace/install/robot_describtion/share/robot_describtion/package.xml
[0.626s] Invoked command in '/root/my_ros_bot/workspace/build/robot_describtion' returned '0': CMAKE_PREFIX_PATH=${CMAKE_PREFIX_PATH}:/opt/ros/humble /usr/bin/cmake --install /root/my_ros_bot/workspace/build/robot_describtion
