-- The C compiler identification is GNU 11.4.0
-- The CXX compiler identification is GNU 11.4.0
-- Detecting C compiler ABI info
-- Detecting C compiler ABI info - done
-- Check for working C compiler: /usr/bin/cc - skipped
-- Detecting C compile features
-- Detecting C compile features - done
-- Detecting CXX compiler ABI info
-- Detecting CXX compiler ABI info - done
-- Check for working CXX compiler: /usr/bin/c++ - skipped
-- Detecting CXX compile features
-- Detecting CXX compile features - done
-- Found ament_cmake: 1.3.8 (/opt/ros/humble/share/ament_cmake/cmake)
-- Found Python3: /usr/bin/python3 (found version "3.10.12") found components: Interpreter 
-- Found rclcpp: 16.0.8 (/opt/ros/humble/share/rclcpp/cmake)
-- Found rosidl_generator_c: 3.1.5 (/opt/ros/humble/share/rosidl_generator_c/cmake)
-- Found rosidl_adapter: 3.1.5 (/opt/ros/humble/share/rosidl_adapter/cmake)
-- Found rosidl_generator_cpp: 3.1.5 (/opt/ros/humble/share/rosidl_generator_cpp/cmake)
-- Using all available rosidl_typesupport_c: rosidl_typesupport_fastrtps_c;rosidl_typesupport_introspection_c
-- Using all available rosidl_typesupport_cpp: rosidl_typesupport_fastrtps_cpp;rosidl_typesupport_introspection_cpp
-- Found rmw_implementation_cmake: 6.1.1 (/opt/ros/humble/share/rmw_implementation_cmake/cmake)
-- Found rmw_fastrtps_cpp: 6.2.6 (/opt/ros/humble/share/rmw_fastrtps_cpp/cmake)
-- Found OpenSSL: /usr/lib/x86_64-linux-gnu/libcrypto.so (found version "3.0.2")  
-- Found FastRTPS: /opt/ros/humble/include  
-- Using RMW implementation 'rmw_fastrtps_cpp' as default
-- Looking for pthread.h
-- Looking for pthread.h - found
-- Performing Test CMAKE_HAVE_LIBC_PTHREAD
-- Performing Test CMAKE_HAVE_LIBC_PTHREAD - Success
-- Found Threads: TRUE  
-- Found ament_lint_auto: 0.12.10 (/opt/ros/humble/share/ament_lint_auto/cmake)
-- Added test 'cppcheck' to perform static code analysis on C / C++ code
-- Configured cppcheck include dirs: /root/my_ros_bot/workspace/src/robot_describtion/./include
-- Configured cppcheck exclude dirs and/or files: 
-- Added test 'flake8' to check Python code syntax and style conventions
-- Added test 'lint_cmake' to check CMake code style
-- Added test 'pep257' to check Python code against some of the docstring style conventions in PEP 257
-- Added test 'uncrustify' to check C / C++ code style
-- Configured uncrustify additional arguments: 
-- Added test 'xmllint' to check XML markup files
-- Configuring done
-- Generating done
-- Build files have been written to: /root/my_ros_bot/workspace/build/robot_describtion
[ 50%] [32mBuilding CXX object CMakeFiles/robot_describtion.dir/src/robot_describtion.cpp.o[0m
In file included from [01m[K/root/my_ros_bot/workspace/src/robot_describtion/src/robot_describtion.cpp:1[m[K:
[01m[K/root/my_ros_bot/workspace/src/robot_describtion/./include/./robot_describtion/robot_describtion.hpp:8:9:[m[K [01;31m[Kerror: [m[KISO C++ forbids declaration of ‘[01m[KRobotController[m[K’ with no type [[01;31m[K]8;;https://gcc.gnu.org/onlinedocs/gcc/Warning-Options.html#index-fpermissive-fpermissive]8;;[m[K]
    8 |         [01;31m[KRobotController[m[K() : Node("robot_describtion") {
      |         [01;31m[K^~~~~~~~~~~~~~~[m[K
[01m[K/root/my_ros_bot/workspace/src/robot_describtion/./include/./robot_describtion/robot_describtion.hpp:[m[K In member function ‘[01m[Kint RobotDescribtion::RobotController()[m[K’:
[01m[K/root/my_ros_bot/workspace/src/robot_describtion/./include/./robot_describtion/robot_describtion.hpp:8:29:[m[K [01;31m[Kerror: [m[Konly constructors take member initializers
    8 |         RobotController() : [01;31m[KNode[m[K("robot_describtion") {
      |                             [01;31m[K^~~~[m[K
[01m[K/root/my_ros_bot/workspace/src/robot_describtion/./include/./robot_describtion/robot_describtion.hpp:10:9:[m[K [01;35m[Kwarning: [m[Kno return statement in function returning non-void [[01;35m[K]8;;https://gcc.gnu.org/onlinedocs/gcc/Warning-Options.html#index-Wreturn-type-Wreturn-type]8;;[m[K]
   10 |         [01;35m[K}[m[K
      |         [01;35m[K^[m[K
In file included from [01m[K/usr/include/x86_64-linux-gnu/c++/11/bits/c++allocator.h:33[m[K,
                 from [01m[K/usr/include/c++/11/bits/allocator.h:46[m[K,
                 from [01m[K/usr/include/c++/11/memory:64[m[K,
                 from [01m[K/opt/ros/humble/include/rclcpp/rclcpp/rclcpp.hpp:153[m[K,
                 from [01m[K/root/my_ros_bot/workspace/src/robot_describtion/./include/./robot_describtion/robot_describtion.hpp:4[m[K,
                 from [01m[K/root/my_ros_bot/workspace/src/robot_describtion/src/robot_describtion.cpp:1[m[K:
/usr/include/c++/11/ext/new_allocator.h: In instantiation of ‘[01m[Kvoid __gnu_cxx::new_allocator<_Tp>::construct(_Up*, _Args&& ...) [with _Up = RobotDescribtion; _Args = {}; _Tp = RobotDescribtion][m[K’:
[01m[K/usr/include/c++/11/bits/alloc_traits.h:516:17:[m[K   required from ‘[01m[Kstatic void std::allocator_traits<std::allocator<_Tp1> >::construct(std::allocator_traits<std::allocator<_Tp1> >::allocator_type&, _Up*, _Args&& ...) [with _Up = RobotDescribtion; _Args = {}; _Tp = RobotDescribtion; std::allocator_traits<std::allocator<_Tp1> >::allocator_type = std::allocator<RobotDescribtion>][m[K’
[01m[K/usr/include/c++/11/bits/shared_ptr_base.h:519:39:[m[K   required from ‘[01m[Kstd::_Sp_counted_ptr_inplace<_Tp, _Alloc, _Lp>::_Sp_counted_ptr_inplace(_Alloc, _Args&& ...) [with _Args = {}; _Tp = RobotDescribtion; _Alloc = std::allocator<RobotDescribtion>; __gnu_cxx::_Lock_policy _Lp = __gnu_cxx::_S_atomic][m[K’
[01m[K/usr/include/c++/11/bits/shared_ptr_base.h:650:16:[m[K   required from ‘[01m[Kstd::__shared_count<_Lp>::__shared_count(_Tp*&, std::_Sp_alloc_shared_tag<_Alloc>, _Args&& ...) [with _Tp = RobotDescribtion; _Alloc = std::allocator<RobotDescribtion>; _Args = {}; __gnu_cxx::_Lock_policy _Lp = __gnu_cxx::_S_atomic][m[K’
[01m[K/usr/include/c++/11/bits/shared_ptr_base.h:1342:14:[m[K   required from ‘[01m[Kstd::__shared_ptr<_Tp, _Lp>::__shared_ptr(std::_Sp_alloc_shared_tag<_Tp>, _Args&& ...) [with _Alloc = std::allocator<RobotDescribtion>; _Args = {}; _Tp = RobotDescribtion; __gnu_cxx::_Lock_policy _Lp = __gnu_cxx::_S_atomic][m[K’
[01m[K/usr/include/c++/11/bits/shared_ptr.h:409:59:[m[K   required from ‘[01m[Kstd::shared_ptr<_Tp>::shared_ptr(std::_Sp_alloc_shared_tag<_Tp>, _Args&& ...) [with _Alloc = std::allocator<RobotDescribtion>; _Args = {}; _Tp = RobotDescribtion][m[K’
[01m[K/usr/include/c++/11/bits/shared_ptr.h:862:14:[m[K   required from ‘[01m[Kstd::shared_ptr<_Tp> std::allocate_shared(const _Alloc&, _Args&& ...) [with _Tp = RobotDescribtion; _Alloc = std::allocator<RobotDescribtion>; _Args = {}][m[K’
[01m[K/usr/include/c++/11/bits/shared_ptr.h:878:39:[m[K   required from ‘[01m[Kstd::shared_ptr<_Tp> std::make_shared(_Args&& ...) [with _Tp = RobotDescribtion; _Args = {}][m[K’
[01m[K/root/my_ros_bot/workspace/src/robot_describtion/src/robot_describtion.cpp:5:49:[m[K   required from here
[01m[K/usr/include/c++/11/ext/new_allocator.h:162:11:[m[K [01;31m[Kerror: [m[Kuse of deleted function ‘[01m[KRobotDescribtion::RobotDescribtion()[m[K’
  162 |         { [01;31m[K::new((void *)__p) _Up(std::forward<_Args>(__args)...)[m[K; }
      |           [01;31m[K^~~~~~~~~~~~~~~~~~~~~~~~~~~~~~~~~~~~~~~~~~~~~~~~~~~~~~[m[K
In file included from [01m[K/root/my_ros_bot/workspace/src/robot_describtion/src/robot_describtion.cpp:1[m[K:
[01m[K/root/my_ros_bot/workspace/src/robot_describtion/./include/./robot_describtion/robot_describtion.hpp:6:7:[m[K [01;36m[Knote: [m[K‘[01m[KRobotDescribtion::RobotDescribtion()[m[K’ is implicitly deleted because the default definition would be ill-formed:
    6 | class [01;36m[KRobotDescribtion[m[K : public rclcpp::Node {
      |       [01;36m[K^~~~~~~~~~~~~~~~[m[K
[01m[K/root/my_ros_bot/workspace/src/robot_describtion/./include/./robot_describtion/robot_describtion.hpp:6:7:[m[K [01;31m[Kerror: [m[Kno matching function for call to ‘[01m[Krclcpp::Node::Node()[m[K’
In file included from [01m[K/opt/ros/humble/include/rclcpp/rclcpp/executors/single_threaded_executor.hpp:28[m[K,
                 from [01m[K/opt/ros/humble/include/rclcpp/rclcpp/executors.hpp:22[m[K,
                 from [01m[K/opt/ros/humble/include/rclcpp/rclcpp/rclcpp.hpp:155[m[K,
                 from [01m[K/root/my_ros_bot/workspace/src/robot_describtion/./include/./robot_describtion/robot_describtion.hpp:4[m[K,
                 from [01m[K/root/my_ros_bot/workspace/src/robot_describtion/src/robot_describtion.cpp:1[m[K:
[01m[K/opt/ros/humble/include/rclcpp/rclcpp/node.hpp:1294:3:[m[K [01;36m[Knote: [m[Kcandidate: ‘[01m[Krclcpp::Node::Node(const rclcpp::Node&, const string&)[m[K’
 1294 |   [01;36m[KNode[m[K(
      |   [01;36m[K^~~~[m[K
[01m[K/opt/ros/humble/include/rclcpp/rclcpp/node.hpp:1294:3:[m[K [01;36m[Knote: [m[K  candidate expects 2 arguments, 0 provided
[01m[K/opt/ros/humble/include/rclcpp/rclcpp/node.hpp:101:12:[m[K [01;36m[Knote: [m[Kcandidate: ‘[01m[Krclcpp::Node::Node(const string&, const string&, const rclcpp::NodeOptions&)[m[K’
  101 |   explicit [01;36m[KNode[m[K(
      |            [01;36m[K^~~~[m[K
[01m[K/opt/ros/humble/include/rclcpp/rclcpp/node.hpp:101:12:[m[K [01;36m[Knote: [m[K  candidate expects 3 arguments, 0 provided
[01m[K/opt/ros/humble/include/rclcpp/rclcpp/node.hpp:89:12:[m[K [01;36m[Knote: [m[Kcandidate: ‘[01m[Krclcpp::Node::Node(const string&, const rclcpp::NodeOptions&)[m[K’
   89 |   explicit [01;36m[KNode[m[K(
      |            [01;36m[K^~~~[m[K
[01m[K/opt/ros/humble/include/rclcpp/rclcpp/node.hpp:89:12:[m[K [01;36m[Knote: [m[K  candidate expects 2 arguments, 0 provided
gmake[2]: *** [CMakeFiles/robot_describtion.dir/build.make:76: CMakeFiles/robot_describtion.dir/src/robot_describtion.cpp.o] Error 1
gmake[1]: *** [CMakeFiles/Makefile2:137: CMakeFiles/robot_describtion.dir/all] Error 2
gmake: *** [Makefile:146: all] Error 2
