[35m[1mConsolidate compiler generated dependencies of target robot_world[0m
[100%] Built target robot_world
-- Install configuration: ""
-- Up-to-date: /root/my_ros_bot/workspace/install/robot_world/include
-- Up-to-date: /root/my_ros_bot/workspace/install/robot_world/include/robot_world
-- Up-to-date: /root/my_ros_bot/workspace/install/robot_world/include/robot_world/robot_world.hpp
-- Up-to-date: /root/my_ros_bot/workspace/install/robot_world/lib/robot_world/robot_world
-- Up-to-date: /root/my_ros_bot/workspace/install/robot_world/share/robot_world/world
-- Up-to-date: /root/my_ros_bot/workspace/install/robot_world/share/robot_world/world/world.sdf
-- Up-to-date: /root/my_ros_bot/workspace/install/robot_world/share/robot_world/world/robot.urdf
-- Up-to-date: /root/my_ros_bot/workspace/install/robot_world/share/robot_world/launch
-- Up-to-date: /root/my_ros_bot/workspace/install/robot_world/share/robot_world/launch/launch.py
-- Up-to-date: /root/my_ros_bot/workspace/install/robot_world/share/ament_index/resource_index/package_run_dependencies/robot_world
-- Up-to-date: /root/my_ros_bot/workspace/install/robot_world/share/ament_index/resource_index/parent_prefix_path/robot_world
-- Up-to-date: /root/my_ros_bot/workspace/install/robot_world/share/robot_world/environment/ament_prefix_path.sh
-- Up-to-date: /root/my_ros_bot/workspace/install/robot_world/share/robot_world/environment/ament_prefix_path.dsv
-- Up-to-date: /root/my_ros_bot/workspace/install/robot_world/share/robot_world/environment/path.sh
-- Up-to-date: /root/my_ros_bot/workspace/install/robot_world/share/robot_world/environment/path.dsv
-- Up-to-date: /root/my_ros_bot/workspace/install/robot_world/share/robot_world/local_setup.bash
-- Up-to-date: /root/my_ros_bot/workspace/install/robot_world/share/robot_world/local_setup.sh
-- Up-to-date: /root/my_ros_bot/workspace/install/robot_world/share/robot_world/local_setup.zsh
-- Up-to-date: /root/my_ros_bot/workspace/install/robot_world/share/robot_world/local_setup.dsv
-- Installing: /root/my_ros_bot/workspace/install/robot_world/share/robot_world/package.dsv
-- Up-to-date: /root/my_ros_bot/workspace/install/robot_world/share/ament_index/resource_index/packages/robot_world
-- Up-to-date: /root/my_ros_bot/workspace/install/robot_world/share/robot_world/cmake/ament_cmake_export_dependencies-extras.cmake
-- Up-to-date: /root/my_ros_bot/workspace/install/robot_world/share/robot_world/cmake/ament_cmake_export_include_directories-extras.cmake
-- Up-to-date: /root/my_ros_bot/workspace/install/robot_world/share/robot_world/cmake/robot_worldConfig.cmake
-- Up-to-date: /root/my_ros_bot/workspace/install/robot_world/share/robot_world/cmake/robot_worldConfig-version.cmake
-- Up-to-date: /root/my_ros_bot/workspace/install/robot_world/share/robot_world/package.xml
