[0.009s] Invoking command in '/root/my_ros_bot/workspace/build/robot_world': CMAKE_PREFIX_PATH=${CMAKE_PREFIX_PATH}:/opt/ros/humble /usr/bin/cmake --build /root/my_ros_bot/workspace/build/robot_world -- -j8 -l8
[0.038s] [35m[1mConsolidate compiler generated dependencies of target robot_world[0m
[0.049s] [100%] Built target robot_world
[0.057s] Invoked command in '/root/my_ros_bot/workspace/build/robot_world' returned '0': CMAKE_PREFIX_PATH=${CMAKE_PREFIX_PATH}:/opt/ros/humble /usr/bin/cmake --build /root/my_ros_bot/workspace/build/robot_world -- -j8 -l8
[0.079s] Invoking command in '/root/my_ros_bot/workspace/build/robot_world': CMAKE_PREFIX_PATH=${CMAKE_PREFIX_PATH}:/opt/ros/humble /usr/bin/cmake --install /root/my_ros_bot/workspace/build/robot_world
[0.084s] -- Install configuration: ""
[0.084s] -- Up-to-date: /root/my_ros_bot/workspace/install/robot_world/include
[0.084s] -- Up-to-date: /root/my_ros_bot/workspace/install/robot_world/include/robot_world
[0.084s] -- Up-to-date: /root/my_ros_bot/workspace/install/robot_world/include/robot_world/robot_world.hpp
[0.084s] -- Up-to-date: /root/my_ros_bot/workspace/install/robot_world/lib/robot_world/robot_world
[0.084s] -- Up-to-date: /root/my_ros_bot/workspace/install/robot_world/share/robot_world/world
[0.084s] -- Up-to-date: /root/my_ros_bot/workspace/install/robot_world/share/robot_world/world/world.sdf
[0.084s] -- Up-to-date: /root/my_ros_bot/workspace/install/robot_world/share/robot_world/world/robot.urdf
[0.084s] -- Up-to-date: /root/my_ros_bot/workspace/install/robot_world/share/robot_world/launch
[0.084s] -- Up-to-date: /root/my_ros_bot/workspace/install/robot_world/share/robot_world/launch/launch.py
[0.084s] -- Up-to-date: /root/my_ros_bot/workspace/install/robot_world/share/ament_index/resource_index/package_run_dependencies/robot_world
[0.084s] -- Up-to-date: /root/my_ros_bot/workspace/install/robot_world/share/ament_index/resource_index/parent_prefix_path/robot_world
[0.084s] -- Up-to-date: /root/my_ros_bot/workspace/install/robot_world/share/robot_world/environment/ament_prefix_path.sh
[0.085s] -- Up-to-date: /root/my_ros_bot/workspace/install/robot_world/share/robot_world/environment/ament_prefix_path.dsv
[0.085s] -- Up-to-date: /root/my_ros_bot/workspace/install/robot_world/share/robot_world/environment/path.sh
[0.085s] -- Up-to-date: /root/my_ros_bot/workspace/install/robot_world/share/robot_world/environment/path.dsv
[0.085s] -- Up-to-date: /root/my_ros_bot/workspace/install/robot_world/share/robot_world/local_setup.bash
[0.085s] -- Up-to-date: /root/my_ros_bot/workspace/install/robot_world/share/robot_world/local_setup.sh
[0.085s] -- Up-to-date: /root/my_ros_bot/workspace/install/robot_world/share/robot_world/local_setup.zsh
[0.085s] -- Up-to-date: /root/my_ros_bot/workspace/install/robot_world/share/robot_world/local_setup.dsv
[0.085s] -- Installing: /root/my_ros_bot/workspace/install/robot_world/share/robot_world/package.dsv
[0.085s] -- Up-to-date: /root/my_ros_bot/workspace/install/robot_world/share/ament_index/resource_index/packages/robot_world
[0.085s] -- Up-to-date: /root/my_ros_bot/workspace/install/robot_world/share/robot_world/cmake/ament_cmake_export_dependencies-extras.cmake
[0.085s] -- Up-to-date: /root/my_ros_bot/workspace/install/robot_world/share/robot_world/cmake/ament_cmake_export_include_directories-extras.cmake
[0.085s] -- Up-to-date: /root/my_ros_bot/workspace/install/robot_world/share/robot_world/cmake/robot_worldConfig.cmake
[0.085s] -- Up-to-date: /root/my_ros_bot/workspace/install/robot_world/share/robot_world/cmake/robot_worldConfig-version.cmake
[0.085s] -- Up-to-date: /root/my_ros_bot/workspace/install/robot_world/share/robot_world/package.xml
[0.086s] Invoked command in '/root/my_ros_bot/workspace/build/robot_world' returned '0': CMAKE_PREFIX_PATH=${CMAKE_PREFIX_PATH}:/opt/ros/humble /usr/bin/cmake --install /root/my_ros_bot/workspace/build/robot_world
