[0.010s] Invoking command in '/root/my_ros_bot/workspace/build/robot_describtion': CMAKE_PREFIX_PATH=${CMAKE_PREFIX_PATH}:/opt/ros/humble /usr/bin/cmake --build /root/my_ros_bot/workspace/build/robot_describtion -- -j8 -l8
[0.040s] [35m[1mConsolidate compiler generated dependencies of target robot_describtion[0m
[0.052s] [ 50%] [32mBuilding CXX object CMakeFiles/robot_describtion.dir/src/robot_describtion.cpp.o[0m
[2.360s] [100%] [32m[1mLinking CXX executable robot_describtion[0m
[2.463s] [100%] Built target robot_describtion
[2.470s] Invoked command in '/root/my_ros_bot/workspace/build/robot_describtion' returned '0': CMAKE_PREFIX_PATH=${CMAKE_PREFIX_PATH}:/opt/ros/humble /usr/bin/cmake --build /root/my_ros_bot/workspace/build/robot_describtion -- -j8 -l8
[2.491s] Invoking command in '/root/my_ros_bot/workspace/build/robot_describtion': CMAKE_PREFIX_PATH=${CMAKE_PREFIX_PATH}:/opt/ros/humble /usr/bin/cmake --install /root/my_ros_bot/workspace/build/robot_describtion
[2.497s] -- Install configuration: ""
[2.497s] -- Installing: /root/my_ros_bot/workspace/install/robot_describtion/lib/robot_describtion/robot_describtion
[2.497s] -- Set runtime path of "/root/my_ros_bot/workspace/install/robot_describtion/lib/robot_describtion/robot_describtion" to ""
[2.497s] -- Installing: /root/my_ros_bot/workspace/install/robot_describtion/share/robot_describtion/urdf
[2.497s] -- Installing: /root/my_ros_bot/workspace/install/robot_describtion/share/robot_describtion/urdf/robot.urdf
[2.498s] -- Installing: /root/my_ros_bot/workspace/install/robot_describtion/share/ament_index/resource_index/package_run_dependencies/robot_describtion
[2.498s] -- Installing: /root/my_ros_bot/workspace/install/robot_describtion/share/ament_index/resource_index/parent_prefix_path/robot_describtion
[2.498s] -- Installing: /root/my_ros_bot/workspace/install/robot_describtion/share/robot_describtion/environment/ament_prefix_path.sh
[2.498s] -- Installing: /root/my_ros_bot/workspace/install/robot_describtion/share/robot_describtion/environment/ament_prefix_path.dsv
[2.498s] -- Installing: /root/my_ros_bot/workspace/install/robot_describtion/share/robot_describtion/environment/path.sh
[2.498s] -- Installing: /root/my_ros_bot/workspace/install/robot_describtion/share/robot_describtion/environment/path.dsv
[2.499s] -- Installing: /root/my_ros_bot/workspace/install/robot_describtion/share/robot_describtion/local_setup.bash
[2.499s] -- Installing: /root/my_ros_bot/workspace/install/robot_describtion/share/robot_describtion/local_setup.sh
[2.499s] -- Installing: /root/my_ros_bot/workspace/install/robot_describtion/share/robot_describtion/local_setup.zsh
[2.499s] -- Installing: /root/my_ros_bot/workspace/install/robot_describtion/share/robot_describtion/local_setup.dsv
[2.499s] -- Installing: /root/my_ros_bot/workspace/install/robot_describtion/share/robot_describtion/package.dsv
[2.499s] -- Installing: /root/my_ros_bot/workspace/install/robot_describtion/share/ament_index/resource_index/packages/robot_describtion
[2.499s] -- Installing: /root/my_ros_bot/workspace/install/robot_describtion/share/robot_describtion/cmake/robot_describtionConfig.cmake
[2.499s] -- Installing: /root/my_ros_bot/workspace/install/robot_describtion/share/robot_describtion/cmake/robot_describtionConfig-version.cmake
[2.499s] -- Installing: /root/my_ros_bot/workspace/install/robot_describtion/share/robot_describtion/package.xml
[2.501s] Invoked command in '/root/my_ros_bot/workspace/build/robot_describtion' returned '0': CMAKE_PREFIX_PATH=${CMAKE_PREFIX_PATH}:/opt/ros/humble /usr/bin/cmake --install /root/my_ros_bot/workspace/build/robot_describtion
