[0.019s] Invoking command in '/root/my_ros_bot/workspace/build/robot_describtion': CMAKE_PREFIX_PATH=${CMAKE_PREFIX_PATH}:/opt/ros/humble /usr/bin/cmake /root/my_ros_bot/workspace/src/robot_describtion -DCMAKE_INSTALL_PREFIX=/root/my_ros_bot/workspace/install/robot_describtion
[0.058s] -- The C compiler identification is GNU 11.4.0
[0.104s] -- The CXX compiler identification is GNU 11.4.0
[0.110s] -- Detecting C compiler ABI info
[0.158s] -- Detecting C compiler ABI info - done
[0.169s] -- Check for working C compiler: /usr/bin/cc - skipped
[0.169s] -- Detecting C compile features
[0.170s] -- Detecting C compile features - done
[0.174s] -- Detecting CXX compiler ABI info
[0.240s] -- Detecting CXX compiler ABI info - done
[0.248s] -- Check for working CXX compiler: /usr/bin/c++ - skipped
[0.248s] -- Detecting CXX compile features
[0.248s] -- Detecting CXX compile features - done
[0.250s] -- Found ament_cmake_auto: 1.3.8 (/opt/ros/humble/share/ament_cmake_auto/cmake)
[0.375s] -- Found Python3: /usr/bin/python3 (found version "3.10.12") found components: Interpreter 
[0.549s] -- Found rosidl_generator_c: 3.1.5 (/opt/ros/humble/share/rosidl_generator_c/cmake)
[0.554s] -- Found rosidl_adapter: 3.1.5 (/opt/ros/humble/share/rosidl_adapter/cmake)
[0.562s] -- Found rosidl_generator_cpp: 3.1.5 (/opt/ros/humble/share/rosidl_generator_cpp/cmake)
[0.574s] -- Using all available rosidl_typesupport_c: rosidl_typesupport_fastrtps_c;rosidl_typesupport_introspection_c
[0.593s] -- Using all available rosidl_typesupport_cpp: rosidl_typesupport_fastrtps_cpp;rosidl_typesupport_introspection_cpp
[0.672s] -- Found rmw_implementation_cmake: 6.1.1 (/opt/ros/humble/share/rmw_implementation_cmake/cmake)
[0.676s] -- Found rmw_fastrtps_cpp: 6.2.6 (/opt/ros/humble/share/rmw_fastrtps_cpp/cmake)
[0.759s] -- Found OpenSSL: /usr/lib/x86_64-linux-gnu/libcrypto.so (found version "3.0.2")  
[0.783s] -- Found FastRTPS: /opt/ros/humble/include  
[0.835s] -- Using RMW implementation 'rmw_fastrtps_cpp' as default
[0.846s] -- Looking for pthread.h
[0.897s] -- Looking for pthread.h - found
[0.897s] -- Performing Test CMAKE_HAVE_LIBC_PTHREAD
[0.953s] -- Performing Test CMAKE_HAVE_LIBC_PTHREAD - Success
[0.954s] -- Found Threads: TRUE  
[1.341s] -- Found eigen3_cmake_module: 0.1.1 (/opt/ros/humble/share/eigen3_cmake_module/cmake)
[1.342s] -- Found Eigen3: TRUE (found version "3.4.0") 
[1.342s] -- Ensuring Eigen3 include directory is part of orocos-kdl CMake target
[1.696s] -- Found ament_lint_auto: 0.12.10 (/opt/ros/humble/share/ament_lint_auto/cmake)
[1.713s] -- Added test 'cppcheck' to perform static code analysis on C / C++ code
[1.714s] -- Configured cppcheck include dirs: /root/my_ros_bot/workspace/src/robot_describtion/./include;/root/my_ros_bot/workspace/src/robot_describtion/include
[1.714s] -- Configured cppcheck exclude dirs and/or files: 
[1.714s] -- Added test 'flake8' to check Python code syntax and style conventions
[1.715s] -- Added test 'lint_cmake' to check CMake code style
[1.715s] -- Added test 'pep257' to check Python code against some of the docstring style conventions in PEP 257
[1.716s] -- Added test 'uncrustify' to check C / C++ code style
[1.716s] -- Configured uncrustify additional arguments: 
[1.716s] -- Added test 'xmllint' to check XML markup files
[1.718s] -- Configuring done
[1.730s] -- Generating done
[1.732s] -- Build files have been written to: /root/my_ros_bot/workspace/build/robot_describtion
[1.740s] Invoked command in '/root/my_ros_bot/workspace/build/robot_describtion' returned '0': CMAKE_PREFIX_PATH=${CMAKE_PREFIX_PATH}:/opt/ros/humble /usr/bin/cmake /root/my_ros_bot/workspace/src/robot_describtion -DCMAKE_INSTALL_PREFIX=/root/my_ros_bot/workspace/install/robot_describtion
[1.741s] Invoking command in '/root/my_ros_bot/workspace/build/robot_describtion': CMAKE_PREFIX_PATH=${CMAKE_PREFIX_PATH}:/opt/ros/humble /usr/bin/cmake --build /root/my_ros_bot/workspace/build/robot_describtion -- -j8 -l8
[1.779s] [ 50%] [32mBuilding CXX object CMakeFiles/robot_describtion.dir/src/robot_describtion.cpp.o[0m
[4.272s] [100%] [32m[1mLinking CXX executable robot_describtion[0m
[4.394s] [100%] Built target robot_describtion
[4.404s] Invoked command in '/root/my_ros_bot/workspace/build/robot_describtion' returned '0': CMAKE_PREFIX_PATH=${CMAKE_PREFIX_PATH}:/opt/ros/humble /usr/bin/cmake --build /root/my_ros_bot/workspace/build/robot_describtion -- -j8 -l8
[4.422s] Invoking command in '/root/my_ros_bot/workspace/build/robot_describtion': CMAKE_PREFIX_PATH=${CMAKE_PREFIX_PATH}:/opt/ros/humble /usr/bin/cmake --install /root/my_ros_bot/workspace/build/robot_describtion
[4.428s] -- Install configuration: ""
[4.428s] -- Installing: /root/my_ros_bot/workspace/install/robot_describtion/include
[4.428s] -- Installing: /root/my_ros_bot/workspace/install/robot_describtion/include/robot_describtion
[4.428s] -- Installing: /root/my_ros_bot/workspace/install/robot_describtion/include/robot_describtion/robot_describtion.hpp
[4.428s] -- Installing: /root/my_ros_bot/workspace/install/robot_describtion/lib/robot_describtion/robot_describtion
[4.428s] -- Set runtime path of "/root/my_ros_bot/workspace/install/robot_describtion/lib/robot_describtion/robot_describtion" to ""
[4.428s] -- Installing: /root/my_ros_bot/workspace/install/robot_describtion/share/robot_describtion/urdf
[4.428s] -- Installing: /root/my_ros_bot/workspace/install/robot_describtion/share/robot_describtion/urdf/robot.urdf
[4.428s] -- Installing: /root/my_ros_bot/workspace/install/robot_describtion/share/robot_describtion/launch
[4.429s] -- Installing: /root/my_ros_bot/workspace/install/robot_describtion/share/robot_describtion/launch/launch.py
[4.429s] -- Installing: /root/my_ros_bot/workspace/install/robot_describtion/share/ament_index/resource_index/package_run_dependencies/robot_describtion
[4.429s] -- Installing: /root/my_ros_bot/workspace/install/robot_describtion/share/ament_index/resource_index/parent_prefix_path/robot_describtion
[4.429s] -- Installing: /root/my_ros_bot/workspace/install/robot_describtion/share/robot_describtion/environment/ament_prefix_path.sh
[4.429s] -- Installing: /root/my_ros_bot/workspace/install/robot_describtion/share/robot_describtion/environment/ament_prefix_path.dsv
[4.429s] -- Installing: /root/my_ros_bot/workspace/install/robot_describtion/share/robot_describtion/environment/path.sh
[4.429s] -- Installing: /root/my_ros_bot/workspace/install/robot_describtion/share/robot_describtion/environment/path.dsv
[4.429s] -- Installing: /root/my_ros_bot/workspace/install/robot_describtion/share/robot_describtion/local_setup.bash
[4.429s] -- Installing: /root/my_ros_bot/workspace/install/robot_describtion/share/robot_describtion/local_setup.sh
[4.430s] -- Installing: /root/my_ros_bot/workspace/install/robot_describtion/share/robot_describtion/local_setup.zsh
[4.430s] -- Installing: /root/my_ros_bot/workspace/install/robot_describtion/share/robot_describtion/local_setup.dsv
[4.430s] -- Installing: /root/my_ros_bot/workspace/install/robot_describtion/share/robot_describtion/package.dsv
[4.430s] -- Installing: /root/my_ros_bot/workspace/install/robot_describtion/share/ament_index/resource_index/packages/robot_describtion
[4.430s] -- Installing: /root/my_ros_bot/workspace/install/robot_describtion/share/robot_describtion/cmake/ament_cmake_export_dependencies-extras.cmake
[4.430s] -- Installing: /root/my_ros_bot/workspace/install/robot_describtion/share/robot_describtion/cmake/ament_cmake_export_include_directories-extras.cmake
[4.430s] -- Installing: /root/my_ros_bot/workspace/install/robot_describtion/share/robot_describtion/cmake/robot_describtionConfig.cmake
[4.430s] -- Installing: /root/my_ros_bot/workspace/install/robot_describtion/share/robot_describtion/cmake/robot_describtionConfig-version.cmake
[4.431s] -- Installing: /root/my_ros_bot/workspace/install/robot_describtion/share/robot_describtion/package.xml
[4.433s] Invoked command in '/root/my_ros_bot/workspace/build/robot_describtion' returned '0': CMAKE_PREFIX_PATH=${CMAKE_PREFIX_PATH}:/opt/ros/humble /usr/bin/cmake --install /root/my_ros_bot/workspace/build/robot_describtion
