[0.008s] Invoking command in '/root/my_ros_bot/workspace/build/robot_world': CMAKE_PREFIX_PATH=${CMAKE_PREFIX_PATH}:/opt/ros/humble /usr/bin/cmake /root/my_ros_bot/workspace/src/robot_world -DCMAKE_INSTALL_PREFIX=/root/my_ros_bot/workspace/install/robot_world
[0.045s] -- The C compiler identification is GNU 11.4.0
[0.091s] -- The CXX compiler identification is GNU 11.4.0
[0.096s] -- Detecting C compiler ABI info
[0.145s] -- Detecting C compiler ABI info - done
[0.156s] -- Check for working C compiler: /usr/bin/cc - skipped
[0.157s] -- Detecting C compile features
[0.157s] -- Detecting C compile features - done
[0.161s] -- Detecting CXX compiler ABI info
[0.221s] -- Detecting CXX compiler ABI info - done
[0.228s] -- Check for working CXX compiler: /usr/bin/c++ - skipped
[0.228s] -- Detecting CXX compile features
[0.228s] -- Detecting CXX compile features - done
[0.231s] -- Found ament_cmake_auto: 1.3.8 (/opt/ros/humble/share/ament_cmake_auto/cmake)
[0.354s] -- Found Python3: /usr/bin/python3 (found version "3.10.12") found components: Interpreter 
[0.533s] -- Found rosidl_generator_c: 3.1.5 (/opt/ros/humble/share/rosidl_generator_c/cmake)
[0.538s] -- Found rosidl_adapter: 3.1.5 (/opt/ros/humble/share/rosidl_adapter/cmake)
[0.546s] -- Found rosidl_generator_cpp: 3.1.5 (/opt/ros/humble/share/rosidl_generator_cpp/cmake)
[0.558s] -- Using all available rosidl_typesupport_c: rosidl_typesupport_fastrtps_c;rosidl_typesupport_introspection_c
[0.576s] -- Using all available rosidl_typesupport_cpp: rosidl_typesupport_fastrtps_cpp;rosidl_typesupport_introspection_cpp
[0.653s] -- Found rmw_implementation_cmake: 6.1.1 (/opt/ros/humble/share/rmw_implementation_cmake/cmake)
[0.657s] -- Found rmw_fastrtps_cpp: 6.2.6 (/opt/ros/humble/share/rmw_fastrtps_cpp/cmake)
[0.743s] -- Found OpenSSL: /usr/lib/x86_64-linux-gnu/libcrypto.so (found version "3.0.2")  
[0.770s] -- Found FastRTPS: /opt/ros/humble/include  
[0.825s] -- Using RMW implementation 'rmw_fastrtps_cpp' as default
[0.835s] -- Looking for pthread.h
[0.884s] -- Looking for pthread.h - found
[0.884s] -- Performing Test CMAKE_HAVE_LIBC_PTHREAD
[0.939s] -- Performing Test CMAKE_HAVE_LIBC_PTHREAD - Success
[0.940s] -- Found Threads: TRUE  
[1.362s] -- Found eigen3_cmake_module: 0.1.1 (/opt/ros/humble/share/eigen3_cmake_module/cmake)
[1.363s] -- Found Eigen3: TRUE (found version "3.4.0") 
[1.363s] -- Ensuring Eigen3 include directory is part of orocos-kdl CMake target
[1.748s] -- Found ament_lint_auto: 0.12.10 (/opt/ros/humble/share/ament_lint_auto/cmake)
[1.768s] -- Added test 'cppcheck' to perform static code analysis on C / C++ code
[1.768s] -- Configured cppcheck include dirs: /root/my_ros_bot/workspace/src/robot_world/./include;/root/my_ros_bot/workspace/src/robot_world/include
[1.768s] -- Configured cppcheck exclude dirs and/or files: 
[1.769s] -- Added test 'flake8' to check Python code syntax and style conventions
[1.769s] -- Added test 'lint_cmake' to check CMake code style
[1.769s] -- Added test 'pep257' to check Python code against some of the docstring style conventions in PEP 257
[1.770s] -- Added test 'uncrustify' to check C / C++ code style
[1.770s] -- Configured uncrustify additional arguments: 
[1.771s] -- Added test 'xmllint' to check XML markup files
[1.773s] -- Configuring done
[1.784s] -- Generating done
[1.785s] -- Build files have been written to: /root/my_ros_bot/workspace/build/robot_world
[1.793s] Invoked command in '/root/my_ros_bot/workspace/build/robot_world' returned '0': CMAKE_PREFIX_PATH=${CMAKE_PREFIX_PATH}:/opt/ros/humble /usr/bin/cmake /root/my_ros_bot/workspace/src/robot_world -DCMAKE_INSTALL_PREFIX=/root/my_ros_bot/workspace/install/robot_world
[1.794s] Invoking command in '/root/my_ros_bot/workspace/build/robot_world': CMAKE_PREFIX_PATH=${CMAKE_PREFIX_PATH}:/opt/ros/humble /usr/bin/cmake --build /root/my_ros_bot/workspace/build/robot_world -- -j8 -l8
[1.835s] [ 50%] [32mBuilding CXX object CMakeFiles/robot_world.dir/src/robot_world.cpp.o[0m
[4.233s] [100%] [32m[1mLinking CXX executable robot_world[0m
[4.360s] [100%] Built target robot_world
[4.368s] Invoked command in '/root/my_ros_bot/workspace/build/robot_world' returned '0': CMAKE_PREFIX_PATH=${CMAKE_PREFIX_PATH}:/opt/ros/humble /usr/bin/cmake --build /root/my_ros_bot/workspace/build/robot_world -- -j8 -l8
[4.389s] Invoking command in '/root/my_ros_bot/workspace/build/robot_world': CMAKE_PREFIX_PATH=${CMAKE_PREFIX_PATH}:/opt/ros/humble /usr/bin/cmake --install /root/my_ros_bot/workspace/build/robot_world
[4.394s] -- Install configuration: ""
[4.394s] -- Installing: /root/my_ros_bot/workspace/install/robot_world/include
[4.394s] -- Installing: /root/my_ros_bot/workspace/install/robot_world/include/robot_world
[4.394s] -- Installing: /root/my_ros_bot/workspace/install/robot_world/include/robot_world/robot_world.hpp
[4.395s] -- Installing: /root/my_ros_bot/workspace/install/robot_world/lib/robot_world/robot_world
[4.395s] -- Set runtime path of "/root/my_ros_bot/workspace/install/robot_world/lib/robot_world/robot_world" to ""
[4.395s] -- Installing: /root/my_ros_bot/workspace/install/robot_world/share/robot_world/world
[4.395s] -- Installing: /root/my_ros_bot/workspace/install/robot_world/share/robot_world/world/world.sdf
[4.395s] -- Installing: /root/my_ros_bot/workspace/install/robot_world/share/robot_world/world/robot.urdf
[4.395s] -- Installing: /root/my_ros_bot/workspace/install/robot_world/share/robot_world/launch
[4.395s] -- Installing: /root/my_ros_bot/workspace/install/robot_world/share/robot_world/launch/launch.py
[4.395s] -- Installing: /root/my_ros_bot/workspace/install/robot_world/share/ament_index/resource_index/package_run_dependencies/robot_world
[4.396s] -- Installing: /root/my_ros_bot/workspace/install/robot_world/share/ament_index/resource_index/parent_prefix_path/robot_world
[4.396s] -- Installing: /root/my_ros_bot/workspace/install/robot_world/share/robot_world/environment/ament_prefix_path.sh
[4.396s] -- Installing: /root/my_ros_bot/workspace/install/robot_world/share/robot_world/environment/ament_prefix_path.dsv
[4.396s] -- Installing: /root/my_ros_bot/workspace/install/robot_world/share/robot_world/environment/path.sh
[4.396s] -- Installing: /root/my_ros_bot/workspace/install/robot_world/share/robot_world/environment/path.dsv
[4.396s] -- Installing: /root/my_ros_bot/workspace/install/robot_world/share/robot_world/local_setup.bash
[4.396s] -- Installing: /root/my_ros_bot/workspace/install/robot_world/share/robot_world/local_setup.sh
[4.396s] -- Installing: /root/my_ros_bot/workspace/install/robot_world/share/robot_world/local_setup.zsh
[4.396s] -- Installing: /root/my_ros_bot/workspace/install/robot_world/share/robot_world/local_setup.dsv
[4.397s] -- Installing: /root/my_ros_bot/workspace/install/robot_world/share/robot_world/package.dsv
[4.397s] -- Installing: /root/my_ros_bot/workspace/install/robot_world/share/ament_index/resource_index/packages/robot_world
[4.397s] -- Installing: /root/my_ros_bot/workspace/install/robot_world/share/robot_world/cmake/ament_cmake_export_dependencies-extras.cmake
[4.397s] -- Installing: /root/my_ros_bot/workspace/install/robot_world/share/robot_world/cmake/ament_cmake_export_include_directories-extras.cmake
[4.397s] -- Installing: /root/my_ros_bot/workspace/install/robot_world/share/robot_world/cmake/robot_worldConfig.cmake
[4.397s] -- Installing: /root/my_ros_bot/workspace/install/robot_world/share/robot_world/cmake/robot_worldConfig-version.cmake
[4.397s] -- Installing: /root/my_ros_bot/workspace/install/robot_world/share/robot_world/package.xml
[4.399s] Invoked command in '/root/my_ros_bot/workspace/build/robot_world' returned '0': CMAKE_PREFIX_PATH=${CMAKE_PREFIX_PATH}:/opt/ros/humble /usr/bin/cmake --install /root/my_ros_bot/workspace/build/robot_world
